#
# There is insufficient memory for the Java Runtime Environment to continue.
# Native memory allocation (malloc) failed to allocate 2097152 bytes for AllocateHeap
# Possible reasons:
#   The system is out of physical RAM or swap space
#   The process is running with CompressedOops enabled, and the Java Heap may be blocking the growth of the native heap
# Possible solutions:
#   Reduce memory load on the system
#   Increase physical memory or swap space
#   Check if swap backing store is full
#   Decrease Java heap size (-Xmx/-Xms)
#   Decrease number of Java threads
#   Decrease Java thread stack sizes (-Xss)
#   Set larger code cache with -XX:ReservedCodeCacheSize=
#   JVM is running with Unscaled Compressed Oops mode in which the Java heap is
#     placed in the first 4GB address space. The Java Heap base address is the
#     maximum limit for the native heap growth. Please use -XX:HeapBaseMinAddress
#     to set the Java Heap base and to place the Java Heap above 4GB virtual address.
# This output file may be truncated or incomplete.
#
#  Out of Memory Error (allocation.cpp:44), pid=1632, tid=5772
#
# JRE version: OpenJDK Runtime Environment Temurin-17.0.10+7 (17.0.10+7) (build 17.0.10+7)
# Java VM: OpenJDK 64-Bit Server VM Temurin-17.0.10+7 (17.0.10+7, mixed mode, emulated-client, tiered, compressed oops, compressed class ptrs, g1 gc, windows-amd64)
# No core dump will be written. Minidumps are not enabled by default on client versions of Windows
#

---------------  S U M M A R Y ------------

Command Line: -Xmx1024m -Dsts.lsp.client=vscode -Dsts.log.file=/dev/null -XX:TieredStopAtLevel=1 -Xlog:jni+resolve=off -Dspring.config.location=file:c:\Users\Admin\.vscode\extensions\vmware.vscode-spring-boot-1.54.0\language-server\BOOT-INF\classes\application.properties org.springframework.ide.vscode.boot.app.BootLanguageServerBootApp

Host: 11th Gen Intel(R) Core(TM) i5-1135G7 @ 2.40GHz, 8 cores, 7G,  Windows 11 , 64 bit Build 22621 (10.0.22621.3374)
Time: Mon May 13 16:37:54 2024 SE Asia Standard Time elapsed time: 490.427794 seconds (0d 0h 8m 10s)

---------------  T H R E A D  ---------------

Current thread (0x0000014dcd16c2e0):  VMThread "VM Thread" [stack: 0x0000000b2a900000,0x0000000b2aa00000] [id=5772]

Stack: [0x0000000b2a900000,0x0000000b2aa00000]
Native frames: (J=compiled Java code, j=interpreted, Vv=VM code, C=native code)
V  [jvm.dll+0x67d2c9]
V  [jvm.dll+0x834afa]
V  [jvm.dll+0x8365be]
V  [jvm.dll+0x836c23]
V  [jvm.dll+0x2477ff]
V  [jvm.dll+0xa6c93]
V  [jvm.dll+0x2f86f1]
V  [jvm.dll+0x2f42e0]
V  [jvm.dll+0x2dc8c7]
V  [jvm.dll+0x31fb87]
V  [jvm.dll+0x83b11b]
V  [jvm.dll+0x83be61]
V  [jvm.dll+0x83c37d]
V  [jvm.dll+0x83c754]
V  [jvm.dll+0x83c820]
V  [jvm.dll+0x7e3fba]
V  [jvm.dll+0x67c1b5]
C  [ucrtbase.dll+0x29333]
C  [KERNEL32.DLL+0x1257d]
C  [ntdll.dll+0x5aa48]

VM_Operation (0x0000000b2c2ff280): G1CollectFull, mode: safepoint, requested by thread 0x0000014dd221b020


---------------  P R O C E S S  ---------------

Threads class SMR info:
_java_thread_list=0x0000014dd30cc2e0, length=19, elements={
0x0000014dcd180380, 0x0000014dcd184e60, 0x0000014dcd2fa130, 0x0000014dcd2fac00,
0x0000014dcd2fdaf0, 0x0000014dcd2fe3c0, 0x0000014dcd1abd40, 0x0000014dcd1ad200,
0x0000014dcd50d780, 0x0000014dcd5125c0, 0x0000014dd2d21eb0, 0x0000014dd221b020,
0x0000014dd2ad7860, 0x0000014dc234ce60, 0x0000014dd21a1820, 0x0000014dd21f77b0,
0x0000014dcdd45400, 0x0000014dcdd45e20, 0x0000014dcdd449e0
}

Java Threads: ( => current thread )
  0x0000014dcd180380 JavaThread "Reference Handler" daemon [_thread_blocked, id=14220, stack(0x0000000b2aa00000,0x0000000b2ab00000)]
  0x0000014dcd184e60 JavaThread "Finalizer" daemon [_thread_blocked, id=1240, stack(0x0000000b2ab00000,0x0000000b2ac00000)]
  0x0000014dcd2fa130 JavaThread "Signal Dispatcher" daemon [_thread_blocked, id=6820, stack(0x0000000b2ad00000,0x0000000b2ae00000)]
  0x0000014dcd2fac00 JavaThread "Attach Listener" daemon [_thread_blocked, id=6712, stack(0x0000000b2ae00000,0x0000000b2af00000)]
  0x0000014dcd2fdaf0 JavaThread "Service Thread" daemon [_thread_blocked, id=3496, stack(0x0000000b2af00000,0x0000000b2b000000)]
  0x0000014dcd2fe3c0 JavaThread "Monitor Deflation Thread" daemon [_thread_blocked, id=9080, stack(0x0000000b2b000000,0x0000000b2b100000)]
  0x0000014dcd1abd40 JavaThread "C1 CompilerThread0" daemon [_thread_blocked, id=4508, stack(0x0000000b2b100000,0x0000000b2b200000)]
  0x0000014dcd1ad200 JavaThread "Sweeper thread" daemon [_thread_blocked, id=2948, stack(0x0000000b2b200000,0x0000000b2b300000)]
  0x0000014dcd50d780 JavaThread "Notification Thread" daemon [_thread_blocked, id=3648, stack(0x0000000b2b400000,0x0000000b2b500000)]
  0x0000014dcd5125c0 JavaThread "Common-Cleaner" daemon [_thread_blocked, id=6624, stack(0x0000000b2b600000,0x0000000b2b700000)]
  0x0000014dd2d21eb0 JavaThread "boundedElastic-evictor-1" daemon [_thread_blocked, id=3936, stack(0x0000000b2bc00000,0x0000000b2bd00000)]
  0x0000014dd221b020 JavaThread "pool-13-thread-1" [_thread_blocked, id=9780, stack(0x0000000b2c200000,0x0000000b2c300000)]
  0x0000014dd2ad7860 JavaThread "LanguageServerApp-lifecycle" [_thread_blocked, id=8876, stack(0x0000000b2c300000,0x0000000b2c400000)]
  0x0000014dc234ce60 JavaThread "DestroyJavaVM" [_thread_blocked, id=9584, stack(0x0000000b2a300000,0x0000000b2a400000)]
  0x0000014dd21a1820 JavaThread "pool-14-thread-1" [_thread_in_native, id=12708, stack(0x0000000b2c400000,0x0000000b2c500000)]
  0x0000014dd21f77b0 JavaThread "Simple-Language-Server main thread" daemon [_thread_blocked, id=2096, stack(0x0000000b2c500000,0x0000000b2c600000)]
  0x0000014dcdd45400 JavaThread "parallel-1" daemon [_thread_blocked, id=14092, stack(0x0000000b2c900000,0x0000000b2ca00000)]
  0x0000014dcdd45e20 JavaThread "pool-6-thread-1" [_thread_blocked, id=1948, stack(0x0000000b2ca00000,0x0000000b2cb00000)]
  0x0000014dcdd449e0 JavaThread "parallel-2" daemon [_thread_blocked, id=1564, stack(0x0000000b2cb00000,0x0000000b2cc00000)]

Other Threads:
=>0x0000014dcd16c2e0 VMThread "VM Thread" [stack: 0x0000000b2a900000,0x0000000b2aa00000] [id=5772]
  0x0000014dcd3469c0 WatcherThread [stack: 0x0000000b2b500000,0x0000000b2b600000] [id=10976]
  0x0000014dc23895c0 GCTaskThread "GC Thread#0" [stack: 0x0000000b2a400000,0x0000000b2a500000] [id=5624]
  0x0000014dcddc23a0 GCTaskThread "GC Thread#1" [stack: 0x0000000b2b700000,0x0000000b2b800000] [id=9660]
  0x0000014dcddc2660 GCTaskThread "GC Thread#2" [stack: 0x0000000b2b800000,0x0000000b2b900000] [id=1112]
  0x0000014dd227a280 GCTaskThread "GC Thread#3" [stack: 0x0000000b2b900000,0x0000000b2ba00000] [id=9628]
  0x0000014dcddd9200 GCTaskThread "GC Thread#4" [stack: 0x0000000b2ba00000,0x0000000b2bb00000] [id=5292]
  0x0000014dcddd94c0 GCTaskThread "GC Thread#5" [stack: 0x0000000b2bb00000,0x0000000b2bc00000] [id=11904]
  0x0000014dd2786e70 GCTaskThread "GC Thread#6" [stack: 0x0000000b2bf00000,0x0000000b2c000000] [id=2856]
  0x0000014dd26c1860 GCTaskThread "GC Thread#7" [stack: 0x0000000b2c000000,0x0000000b2c100000] [id=14180]
  0x0000014dc2392420 ConcurrentGCThread "G1 Main Marker" [stack: 0x0000000b2a500000,0x0000000b2a600000] [id=8104]
  0x0000014dc2392d50 ConcurrentGCThread "G1 Conc#0" [stack: 0x0000000b2a600000,0x0000000b2a700000] [id=15148]
  0x0000014dd266ca30 ConcurrentGCThread "G1 Conc#1" [stack: 0x0000000b2c100000,0x0000000b2c200000] [id=6876]
  0x0000014dccfe20c0 ConcurrentGCThread "G1 Refine#0" [stack: 0x0000000b2a700000,0x0000000b2a800000] [id=7236]
  0x0000014dccfe2900 ConcurrentGCThread "G1 Service" [stack: 0x0000000b2a800000,0x0000000b2a900000] [id=3204]

Threads with active compile tasks:

VM state: at safepoint (normal execution)

VM Mutex/Monitor currently owned by a thread:  ([mutex/lock_event])
[0x0000014dc0133e40] Threads_lock - owner thread: 0x0000014dcd16c2e0
[0x0000014dc012ef00] Heap_lock - owner thread: 0x0000014dd221b020

Heap address: 0x00000000c0000000, size: 1024 MB, Compressed Oops mode: 32-bit

CDS archive(s) not mapped
Compressed class space mapped at: 0x0000000100000000-0x0000000140000000, reserved size: 1073741824
Narrow klass base: 0x0000000000000000, Narrow klass shift: 3, Narrow klass range: 0x140000000

GC Precious Log:
 CPUs: 8 total, 8 available
 Memory: 7975M
 Large Page Support: Disabled
 NUMA Support: Disabled
 Compressed Oops: Enabled (32-bit)
 Heap Region Size: 1M
 Heap Min Capacity: 8M
 Heap Initial Capacity: 126M
 Heap Max Capacity: 1G
 Pre-touch: Disabled
 Parallel Workers: 8
 Concurrent Workers: 2
 Concurrent Refinement Workers: 8
 Periodic GC: Disabled

Heap:
 garbage-first heap   total 78848K, used 26246K [0x00000000c0000000, 0x0000000100000000)
  region size 1024K, 1 young (1024K), 0 survivors (0K)
 Metaspace       used 47837K, committed 48512K, reserved 1114112K
  class space    used 6165K, committed 6464K, reserved 1048576K

Heap Regions: E=young(eden), S=young(survivor), O=old, HS=humongous(starts), HC=humongous(continues), CS=collection set, F=free, OA=open archive, CA=closed archive, TAMS=top-at-mark-start (previous, next)
|   0|0x00000000c0000000, 0x00000000c0100000, 0x00000000c0100000|100%|HS|  |TAMS 0x00000000c0100000, 0x00000000c0000000| Untracked 
|   1|0x00000000c0100000, 0x00000000c0200000, 0x00000000c0200000|100%|HC|  |TAMS 0x00000000c0200000, 0x00000000c0100000| Untracked 
|   2|0x00000000c0200000, 0x00000000c0300000, 0x00000000c0300000|100%|HC|  |TAMS 0x00000000c0300000, 0x00000000c0200000| Untracked 
|   3|0x00000000c0300000, 0x00000000c0400000, 0x00000000c0400000|100%|HC|  |TAMS 0x00000000c0400000, 0x00000000c0300000| Untracked 
|   4|0x00000000c0400000, 0x00000000c0500000, 0x00000000c0500000|100%|HS|  |TAMS 0x00000000c0500000, 0x00000000c0400000| Untracked 
|   5|0x00000000c0500000, 0x00000000c0600000, 0x00000000c0600000|100%|HC|  |TAMS 0x00000000c0600000, 0x00000000c0500000| Untracked 
|   6|0x00000000c0600000, 0x00000000c0700000, 0x00000000c0700000|100%| O|  |TAMS 0x00000000c0700000, 0x00000000c0600000| Untracked 
|   7|0x00000000c0700000, 0x00000000c07ffff0, 0x00000000c0800000| 99%| O|  |TAMS 0x00000000c07ffff0, 0x00000000c0700000| Untracked 
|   8|0x00000000c0800000, 0x00000000c0900000, 0x00000000c0900000|100%| O|  |TAMS 0x00000000c0900000, 0x00000000c0800000| Untracked 
|   9|0x00000000c0900000, 0x00000000c0a00000, 0x00000000c0a00000|100%| O|  |TAMS 0x00000000c0a00000, 0x00000000c0900000| Untracked 
|  10|0x00000000c0a00000, 0x00000000c0b00000, 0x00000000c0b00000|100%| O|  |TAMS 0x00000000c0b00000, 0x00000000c0a00000| Untracked 
|  11|0x00000000c0b00000, 0x00000000c0c00000, 0x00000000c0c00000|100%| O|  |TAMS 0x00000000c0c00000, 0x00000000c0b00000| Untracked 
|  12|0x00000000c0c00000, 0x00000000c0cffdc0, 0x00000000c0d00000| 99%| O|  |TAMS 0x00000000c0cffdc0, 0x00000000c0c00000| Untracked 
|  13|0x00000000c0d00000, 0x00000000c0e00000, 0x00000000c0e00000|100%| O|  |TAMS 0x00000000c0e00000, 0x00000000c0d00000| Untracked 
|  14|0x00000000c0e00000, 0x00000000c0effff8, 0x00000000c0f00000| 99%| O|  |TAMS 0x00000000c0effff8, 0x00000000c0e00000| Untracked 
|  15|0x00000000c0f00000, 0x00000000c1000000, 0x00000000c1000000|100%| O|  |TAMS 0x00000000c1000000, 0x00000000c0f00000| Untracked 
|  16|0x00000000c1000000, 0x00000000c1100000, 0x00000000c1100000|100%| O|  |TAMS 0x00000000c1100000, 0x00000000c1000000| Untracked 
|  17|0x00000000c1100000, 0x00000000c1200000, 0x00000000c1200000|100%| O|  |TAMS 0x00000000c1200000, 0x00000000c1100000| Untracked 
|  18|0x00000000c1200000, 0x00000000c12ffff8, 0x00000000c1300000| 99%| O|  |TAMS 0x00000000c12ffff8, 0x00000000c1200000| Untracked 
|  19|0x00000000c1300000, 0x00000000c1400000, 0x00000000c1400000|100%| O|  |TAMS 0x00000000c1400000, 0x00000000c1300000| Untracked 
|  20|0x00000000c1400000, 0x00000000c14fffe8, 0x00000000c1500000| 99%| O|  |TAMS 0x00000000c14fffe8, 0x00000000c1400000| Untracked 
|  21|0x00000000c1500000, 0x00000000c15fffa8, 0x00000000c1600000| 99%| O|  |TAMS 0x00000000c15fffa8, 0x00000000c1500000| Untracked 
|  22|0x00000000c1600000, 0x00000000c16ffff0, 0x00000000c1700000| 99%| O|  |TAMS 0x00000000c16ffff0, 0x00000000c1600000| Untracked 
|  23|0x00000000c1700000, 0x00000000c17ffff8, 0x00000000c1800000| 99%| O|  |TAMS 0x00000000c17ffff8, 0x00000000c1700000| Untracked 
|  24|0x00000000c1800000, 0x00000000c18d6ff0, 0x00000000c1900000| 83%| O|  |TAMS 0x00000000c1800000, 0x00000000c1800000| Untracked 
|  25|0x00000000c1900000, 0x00000000c19cab28, 0x00000000c1a00000| 79%| O|  |TAMS 0x00000000c1900000, 0x00000000c1900000| Untracked 
|  26|0x00000000c1a00000, 0x00000000c1a00000, 0x00000000c1b00000|  0%| F|  |TAMS 0x00000000c1a00000, 0x00000000c1a00000| Untracked 
|  27|0x00000000c1b00000, 0x00000000c1b00000, 0x00000000c1c00000|  0%| F|  |TAMS 0x00000000c1b00000, 0x00000000c1b00000| Untracked 
|  28|0x00000000c1c00000, 0x00000000c1c00000, 0x00000000c1d00000|  0%| F|  |TAMS 0x00000000c1c00000, 0x00000000c1c00000| Untracked 
|  29|0x00000000c1d00000, 0x00000000c1d00000, 0x00000000c1e00000|  0%| F|  |TAMS 0x00000000c1d00000, 0x00000000c1d00000| Untracked 
|  30|0x00000000c1e00000, 0x00000000c1e00000, 0x00000000c1f00000|  0%| F|  |TAMS 0x00000000c1e00000, 0x00000000c1e00000| Untracked 
|  31|0x00000000c1f00000, 0x00000000c1f00000, 0x00000000c2000000|  0%| F|  |TAMS 0x00000000c1f00000, 0x00000000c1f00000| Untracked 
|  32|0x00000000c2000000, 0x00000000c2000000, 0x00000000c2100000|  0%| F|  |TAMS 0x00000000c2000000, 0x00000000c2000000| Untracked 
|  33|0x00000000c2100000, 0x00000000c2100000, 0x00000000c2200000|  0%| F|  |TAMS 0x00000000c2100000, 0x00000000c2100000| Untracked 
|  34|0x00000000c2200000, 0x00000000c2200000, 0x00000000c2300000|  0%| F|  |TAMS 0x00000000c2200000, 0x00000000c2200000| Untracked 
|  35|0x00000000c2300000, 0x00000000c2300000, 0x00000000c2400000|  0%| F|  |TAMS 0x00000000c2300000, 0x00000000c2300000| Untracked 
|  36|0x00000000c2400000, 0x00000000c2400000, 0x00000000c2500000|  0%| F|  |TAMS 0x00000000c2400000, 0x00000000c2400000| Untracked 
|  37|0x00000000c2500000, 0x00000000c2500000, 0x00000000c2600000|  0%| F|  |TAMS 0x00000000c2500000, 0x00000000c2500000| Untracked 
|  38|0x00000000c2600000, 0x00000000c2600000, 0x00000000c2700000|  0%| F|  |TAMS 0x00000000c2600000, 0x00000000c2600000| Untracked 
|  39|0x00000000c2700000, 0x00000000c2700000, 0x00000000c2800000|  0%| F|  |TAMS 0x00000000c2700000, 0x00000000c2700000| Untracked 
|  40|0x00000000c2800000, 0x00000000c2800000, 0x00000000c2900000|  0%| F|  |TAMS 0x00000000c2800000, 0x00000000c2800000| Untracked 
|  41|0x00000000c2900000, 0x00000000c2900000, 0x00000000c2a00000|  0%| F|  |TAMS 0x00000000c2900000, 0x00000000c2900000| Untracked 
|  42|0x00000000c2a00000, 0x00000000c2a00000, 0x00000000c2b00000|  0%| F|  |TAMS 0x00000000c2a00000, 0x00000000c2a00000| Untracked 
|  43|0x00000000c2b00000, 0x00000000c2b00000, 0x00000000c2c00000|  0%| F|  |TAMS 0x00000000c2b00000, 0x00000000c2b00000| Untracked 
|  44|0x00000000c2c00000, 0x00000000c2c00000, 0x00000000c2d00000|  0%| F|  |TAMS 0x00000000c2c00000, 0x00000000c2c00000| Untracked 
|  45|0x00000000c2d00000, 0x00000000c2d00000, 0x00000000c2e00000|  0%| F|  |TAMS 0x00000000c2d00000, 0x00000000c2d00000| Untracked 
|  46|0x00000000c2e00000, 0x00000000c2e00000, 0x00000000c2f00000|  0%| F|  |TAMS 0x00000000c2e00000, 0x00000000c2e00000| Untracked 
|  47|0x00000000c2f00000, 0x00000000c2f00000, 0x00000000c3000000|  0%| F|  |TAMS 0x00000000c2f00000, 0x00000000c2f00000| Untracked 
|  48|0x00000000c3000000, 0x00000000c3000000, 0x00000000c3100000|  0%| F|  |TAMS 0x00000000c3000000, 0x00000000c3000000| Untracked 
|  49|0x00000000c3100000, 0x00000000c3100000, 0x00000000c3200000|  0%| F|  |TAMS 0x00000000c3100000, 0x00000000c3100000| Untracked 
|  50|0x00000000c3200000, 0x00000000c3200000, 0x00000000c3300000|  0%| F|  |TAMS 0x00000000c3200000, 0x00000000c3200000| Untracked 
|  51|0x00000000c3300000, 0x00000000c3300000, 0x00000000c3400000|  0%| F|  |TAMS 0x00000000c3300000, 0x00000000c3300000| Untracked 
|  52|0x00000000c3400000, 0x00000000c3400000, 0x00000000c3500000|  0%| F|  |TAMS 0x00000000c3400000, 0x00000000c3400000| Untracked 
|  53|0x00000000c3500000, 0x00000000c3500000, 0x00000000c3600000|  0%| F|  |TAMS 0x00000000c3500000, 0x00000000c3500000| Untracked 
|  54|0x00000000c3600000, 0x00000000c3600000, 0x00000000c3700000|  0%| F|  |TAMS 0x00000000c3600000, 0x00000000c3600000| Untracked 
|  55|0x00000000c3700000, 0x00000000c3700000, 0x00000000c3800000|  0%| F|  |TAMS 0x00000000c3700000, 0x00000000c3700000| Untracked 
|  56|0x00000000c3800000, 0x00000000c3800000, 0x00000000c3900000|  0%| F|  |TAMS 0x00000000c3800000, 0x00000000c3800000| Untracked 
|  57|0x00000000c3900000, 0x00000000c3900000, 0x00000000c3a00000|  0%| F|  |TAMS 0x00000000c3900000, 0x00000000c3900000| Untracked 
|  58|0x00000000c3a00000, 0x00000000c3a00000, 0x00000000c3b00000|  0%| F|  |TAMS 0x00000000c3a00000, 0x00000000c3a00000| Untracked 
|  59|0x00000000c3b00000, 0x00000000c3b00000, 0x00000000c3c00000|  0%| F|  |TAMS 0x00000000c3b00000, 0x00000000c3b00000| Untracked 
|  60|0x00000000c3c00000, 0x00000000c3c00000, 0x00000000c3d00000|  0%| F|  |TAMS 0x00000000c3c00000, 0x00000000c3c00000| Untracked 
|  61|0x00000000c3d00000, 0x00000000c3d00000, 0x00000000c3e00000|  0%| F|  |TAMS 0x00000000c3d00000, 0x00000000c3d00000| Untracked 
|  62|0x00000000c3e00000, 0x00000000c3e00000, 0x00000000c3f00000|  0%| F|  |TAMS 0x00000000c3e00000, 0x00000000c3e00000| Untracked 
|  63|0x00000000c3f00000, 0x00000000c3f00000, 0x00000000c4000000|  0%| F|  |TAMS 0x00000000c3f00000, 0x00000000c3f00000| Untracked 
|  64|0x00000000c4000000, 0x00000000c4000000, 0x00000000c4100000|  0%| F|  |TAMS 0x00000000c4000000, 0x00000000c4000000| Untracked 
|  65|0x00000000c4100000, 0x00000000c4100000, 0x00000000c4200000|  0%| F|  |TAMS 0x00000000c4100000, 0x00000000c4100000| Untracked 
|  66|0x00000000c4200000, 0x00000000c4200000, 0x00000000c4300000|  0%| F|  |TAMS 0x00000000c4200000, 0x00000000c4200000| Untracked 
|  67|0x00000000c4300000, 0x00000000c4300000, 0x00000000c4400000|  0%| F|  |TAMS 0x00000000c4300000, 0x00000000c4300000| Untracked 
|  68|0x00000000c4400000, 0x00000000c4400000, 0x00000000c4500000|  0%| F|  |TAMS 0x00000000c4400000, 0x00000000c4400000| Untracked 
|  69|0x00000000c4500000, 0x00000000c4500000, 0x00000000c4600000|  0%| F|  |TAMS 0x00000000c4500000, 0x00000000c4500000| Untracked 
|  86|0x00000000c5600000, 0x00000000c5600000, 0x00000000c5700000|  0%| F|  |TAMS 0x00000000c5600000, 0x00000000c5600000| Untracked 
|  87|0x00000000c5700000, 0x00000000c5700000, 0x00000000c5800000|  0%| F|  |TAMS 0x00000000c5700000, 0x00000000c5700000| Untracked 
|  88|0x00000000c5800000, 0x00000000c5800000, 0x00000000c5900000|  0%| F|  |TAMS 0x00000000c5800000, 0x00000000c5800000| Untracked 
|  89|0x00000000c5900000, 0x00000000c5900000, 0x00000000c5a00000|  0%| F|  |TAMS 0x00000000c5900000, 0x00000000c5900000| Untracked 
|  90|0x00000000c5a00000, 0x00000000c5a00000, 0x00000000c5b00000|  0%| F|  |TAMS 0x00000000c5a00000, 0x00000000c5a00000| Untracked 
| 124|0x00000000c7c00000, 0x00000000c7c00000, 0x00000000c7d00000|  0%| F|  |TAMS 0x00000000c7c00000, 0x00000000c7c00000| Untracked 
| 125|0x00000000c7d00000, 0x00000000c7d23b90, 0x00000000c7e00000| 13%| E|  |TAMS 0x00000000c7d00000, 0x00000000c7d00000| Complete 

Card table byte_map: [0x0000014dc82e0000,0x0000014dc84e0000] _byte_map_base: 0x0000014dc7ce0000

Marking Bits (Prev, Next): (CMBitMap*) 0x0000014dc2389b30, (CMBitMap*) 0x0000014dc2389af0
 Prev Bits: [0x0000014dc96e0000, 0x0000014dca6e0000)
 Next Bits: [0x0000014dc86e0000, 0x0000014dc96e0000)

Polling page: 0x0000014dc1af0000

Metaspace:

Usage:
  Non-class:     40.70 MB used.
      Class:      6.02 MB used.
       Both:     46.72 MB used.

Virtual space:
  Non-class space:       64.00 MB reserved,      41.06 MB ( 64%) committed,  1 nodes.
      Class space:        1.00 GB reserved,       6.31 MB ( <1%) committed,  1 nodes.
             Both:        1.06 GB reserved,      47.38 MB (  4%) committed. 

Chunk freelists:
   Non-Class:  7.03 MB
       Class:  9.64 MB
        Both:  16.67 MB

MaxMetaspaceSize: unlimited
CompressedClassSpaceSize: 1.00 GB
Initial GC threshold: 21.00 MB
Current GC threshold: 79.00 MB
CDS: off
MetaspaceReclaimPolicy: balanced
 - commit_granule_bytes: 65536.
 - commit_granule_words: 8192.
 - virtual_space_node_default_size: 8388608.
 - enlarge_chunks_in_place: 1.
 - new_chunks_are_fully_committed: 0.
 - uncommit_free_chunks: 1.
 - use_allocation_guard: 0.
 - handle_deallocations: 1.


Internal statistics:

num_allocs_failed_limit: 8.
num_arena_births: 588.
num_arena_deaths: 204.
num_vsnodes_births: 2.
num_vsnodes_deaths: 0.
num_space_committed: 758.
num_space_uncommitted: 0.
num_chunks_returned_to_freelist: 255.
num_chunks_taken_from_freelist: 2034.
num_chunk_merges: 87.
num_chunk_splits: 1393.
num_chunks_enlarged: 1026.
num_inconsistent_stats: 0.

CodeCache: size=49152Kb used=8161Kb max_used=9751Kb free=40990Kb
 bounds [0x0000014dc4fd0000, 0x0000014dc5960000, 0x0000014dc7fd0000]
 total_blobs=5112 nmethods=4494 adapters=544
 compilation: enabled
              stopped_count=0, restarted_count=0
 full_count=0

Compilation events (20 events):
Event: 370.059 Thread 0x0000014dcd1abd40 4485       1       org.springframework.ide.vscode.boot.app.SpringSymbolIndex::lambda$searchMatchingSymbols$40 (5 bytes)
Event: 370.059 Thread 0x0000014dcd1abd40 nmethod 4485 0x0000014dc5178510 code [0x0000014dc51786a0, 0x0000014dc5178758]
Event: 370.059 Thread 0x0000014dcd1abd40 4486       1       org.springframework.ide.vscode.boot.app.SpringSymbolIndex$$Lambda$753/0x0000000100511580::test (12 bytes)
Event: 370.059 Thread 0x0000014dcd1abd40 nmethod 4486 0x0000014dc5178190 code [0x0000014dc5178320, 0x0000014dc5178448]
Event: 370.059 Thread 0x0000014dcd1abd40 4487       1       org.springframework.ide.vscode.boot.app.SpringSymbolIndex::lambda$searchMatchingSymbols$41 (54 bytes)
Event: 370.059 Thread 0x0000014dcd1abd40 nmethod 4487 0x0000014dc5177b90 code [0x0000014dc5177d60, 0x0000014dc5177f98]
Event: 370.059 Thread 0x0000014dcd1abd40 4488       1       org.springframework.ide.vscode.boot.app.SpringSymbolIndex$$Lambda$754/0x00000001005119d0::test (12 bytes)
Event: 370.060 Thread 0x0000014dcd1abd40 nmethod 4488 0x0000014dc5177090 code [0x0000014dc51772a0, 0x0000014dc5177828]
Event: 370.060 Thread 0x0000014dcd1abd40 4489       1       org.springframework.ide.vscode.boot.app.SpringSymbolIndex::lambda$searchMatchingSymbols$42 (9 bytes)
Event: 370.060 Thread 0x0000014dcd1abd40 nmethod 4489 0x0000014dc5176610 code [0x0000014dc5176820, 0x0000014dc5176d48]
Event: 370.060 Thread 0x0000014dcd1abd40 4490       1       com.google.gson.stream.JsonWriter::nullValue (43 bytes)
Event: 370.061 Thread 0x0000014dcd1abd40 nmethod 4490 0x0000014dc5176110 code [0x0000014dc51762e0, 0x0000014dc51764f8]
Event: 370.061 Thread 0x0000014dcd1abd40 4491       1       jdk.internal.reflect.UnsafeIntegerFieldAccessorImpl::get (9 bytes)
Event: 370.061 Thread 0x0000014dcd1abd40 nmethod 4491 0x0000014dc5175990 code [0x0000014dc5175b60, 0x0000014dc5175e98]
Event: 386.221 Thread 0x0000014dcd1abd40 4492       1       java.util.concurrent.ThreadPoolExecutor::isShutdown (12 bytes)
Event: 386.221 Thread 0x0000014dcd1abd40 nmethod 4492 0x0000014dc5175690 code [0x0000014dc5175820, 0x0000014dc5175918]
Event: 406.004 Thread 0x0000014dcd1abd40 4493       1       java.io.BufferedOutputStream::flushBuffer (29 bytes)
Event: 406.004 Thread 0x0000014dcd1abd40 nmethod 4493 0x0000014dc5175390 code [0x0000014dc5175520, 0x0000014dc5175628]
Event: 406.229 Thread 0x0000014dcd1abd40 4494       1       java.util.concurrent.ScheduledThreadPoolExecutor::canRunInCurrentRunState (61 bytes)
Event: 406.229 Thread 0x0000014dcd1abd40 nmethod 4494 0x0000014dc5174d90 code [0x0000014dc5174f60, 0x0000014dc5175238]

GC Heap History (20 events):
Event: 329.074 GC heap before
{Heap before GC invocations=35 (full 25):
 garbage-first heap   total 78848K, used 27215K [0x00000000c0000000, 0x0000000100000000)
  region size 1024K, 1 young (1024K), 0 survivors (0K)
 Metaspace       used 47837K, committed 48512K, reserved 1114112K
  class space    used 6165K, committed 6464K, reserved 1048576K
}
Event: 329.092 GC heap after
{Heap after GC invocations=36 (full 26):
 garbage-first heap   total 78848K, used 26250K [0x00000000c0000000, 0x0000000100000000)
  region size 1024K, 0 young (0K), 0 survivors (0K)
 Metaspace       used 47837K, committed 48512K, reserved 1114112K
  class space    used 6165K, committed 6464K, reserved 1048576K
}
Event: 339.179 GC heap before
{Heap before GC invocations=36 (full 26):
 garbage-first heap   total 78848K, used 26250K [0x00000000c0000000, 0x0000000100000000)
  region size 1024K, 1 young (1024K), 0 survivors (0K)
 Metaspace       used 47837K, committed 48512K, reserved 1114112K
  class space    used 6165K, committed 6464K, reserved 1048576K
}
Event: 339.200 GC heap after
{Heap after GC invocations=37 (full 27):
 garbage-first heap   total 78848K, used 26250K [0x00000000c0000000, 0x0000000100000000)
  region size 1024K, 0 young (0K), 0 survivors (0K)
 Metaspace       used 47837K, committed 48512K, reserved 1114112K
  class space    used 6165K, committed 6464K, reserved 1048576K
}
Event: 349.284 GC heap before
{Heap before GC invocations=37 (full 27):
 garbage-first heap   total 78848K, used 26250K [0x00000000c0000000, 0x0000000100000000)
  region size 1024K, 1 young (1024K), 0 survivors (0K)
 Metaspace       used 47837K, committed 48512K, reserved 1114112K
  class space    used 6165K, committed 6464K, reserved 1048576K
}
Event: 349.300 GC heap after
{Heap after GC invocations=38 (full 28):
 garbage-first heap   total 78848K, used 26250K [0x00000000c0000000, 0x0000000100000000)
  region size 1024K, 0 young (0K), 0 survivors (0K)
 Metaspace       used 47837K, committed 48512K, reserved 1114112K
  class space    used 6165K, committed 6464K, reserved 1048576K
}
Event: 359.375 GC heap before
{Heap before GC invocations=38 (full 28):
 garbage-first heap   total 78848K, used 26250K [0x00000000c0000000, 0x0000000100000000)
  region size 1024K, 1 young (1024K), 0 survivors (0K)
 Metaspace       used 47837K, committed 48512K, reserved 1114112K
  class space    used 6165K, committed 6464K, reserved 1048576K
}
Event: 359.390 GC heap after
{Heap after GC invocations=39 (full 29):
 garbage-first heap   total 78848K, used 26250K [0x00000000c0000000, 0x0000000100000000)
  region size 1024K, 0 young (0K), 0 survivors (0K)
 Metaspace       used 47837K, committed 48512K, reserved 1114112K
  class space    used 6165K, committed 6464K, reserved 1048576K
}
Event: 369.512 GC heap before
{Heap before GC invocations=39 (full 29):
 garbage-first heap   total 78848K, used 26250K [0x00000000c0000000, 0x0000000100000000)
  region size 1024K, 1 young (1024K), 0 survivors (0K)
 Metaspace       used 47837K, committed 48512K, reserved 1114112K
  class space    used 6165K, committed 6464K, reserved 1048576K
}
Event: 369.542 GC heap after
{Heap after GC invocations=40 (full 30):
 garbage-first heap   total 78848K, used 26247K [0x00000000c0000000, 0x0000000100000000)
  region size 1024K, 0 young (0K), 0 survivors (0K)
 Metaspace       used 47837K, committed 48512K, reserved 1114112K
  class space    used 6165K, committed 6464K, reserved 1048576K
}
Event: 439.749 GC heap before
{Heap before GC invocations=40 (full 30):
 garbage-first heap   total 78848K, used 26247K [0x00000000c0000000, 0x0000000100000000)
  region size 1024K, 1 young (1024K), 0 survivors (0K)
 Metaspace       used 47837K, committed 48512K, reserved 1114112K
  class space    used 6165K, committed 6464K, reserved 1048576K
}
Event: 439.764 GC heap after
{Heap after GC invocations=41 (full 31):
 garbage-first heap   total 78848K, used 26246K [0x00000000c0000000, 0x0000000100000000)
  region size 1024K, 0 young (0K), 0 survivors (0K)
 Metaspace       used 47837K, committed 48512K, reserved 1114112K
  class space    used 6165K, committed 6464K, reserved 1048576K
}
Event: 449.886 GC heap before
{Heap before GC invocations=41 (full 31):
 garbage-first heap   total 78848K, used 26246K [0x00000000c0000000, 0x0000000100000000)
  region size 1024K, 1 young (1024K), 0 survivors (0K)
 Metaspace       used 47837K, committed 48512K, reserved 1114112K
  class space    used 6165K, committed 6464K, reserved 1048576K
}
Event: 449.911 GC heap after
{Heap after GC invocations=42 (full 32):
 garbage-first heap   total 78848K, used 26246K [0x00000000c0000000, 0x0000000100000000)
  region size 1024K, 0 young (0K), 0 survivors (0K)
 Metaspace       used 47837K, committed 48512K, reserved 1114112K
  class space    used 6165K, committed 6464K, reserved 1048576K
}
Event: 460.028 GC heap before
{Heap before GC invocations=42 (full 32):
 garbage-first heap   total 78848K, used 26246K [0x00000000c0000000, 0x0000000100000000)
  region size 1024K, 1 young (1024K), 0 survivors (0K)
 Metaspace       used 47837K, committed 48512K, reserved 1114112K
  class space    used 6165K, committed 6464K, reserved 1048576K
}
Event: 460.058 GC heap after
{Heap after GC invocations=43 (full 33):
 garbage-first heap   total 78848K, used 26246K [0x00000000c0000000, 0x0000000100000000)
  region size 1024K, 0 young (0K), 0 survivors (0K)
 Metaspace       used 47837K, committed 48512K, reserved 1114112K
  class space    used 6165K, committed 6464K, reserved 1048576K
}
Event: 470.181 GC heap before
{Heap before GC invocations=43 (full 33):
 garbage-first heap   total 78848K, used 26246K [0x00000000c0000000, 0x0000000100000000)
  region size 1024K, 1 young (1024K), 0 survivors (0K)
 Metaspace       used 47837K, committed 48512K, reserved 1114112K
  class space    used 6165K, committed 6464K, reserved 1048576K
}
Event: 470.208 GC heap after
{Heap after GC invocations=44 (full 34):
 garbage-first heap   total 78848K, used 26246K [0x00000000c0000000, 0x0000000100000000)
  region size 1024K, 0 young (0K), 0 survivors (0K)
 Metaspace       used 47837K, committed 48512K, reserved 1114112K
  class space    used 6165K, committed 6464K, reserved 1048576K
}
Event: 480.359 GC heap before
{Heap before GC invocations=44 (full 34):
 garbage-first heap   total 78848K, used 26246K [0x00000000c0000000, 0x0000000100000000)
  region size 1024K, 1 young (1024K), 0 survivors (0K)
 Metaspace       used 47837K, committed 48512K, reserved 1114112K
  class space    used 6165K, committed 6464K, reserved 1048576K
}
Event: 480.392 GC heap after
{Heap after GC invocations=45 (full 35):
 garbage-first heap   total 78848K, used 26246K [0x00000000c0000000, 0x0000000100000000)
  region size 1024K, 0 young (0K), 0 survivors (0K)
 Metaspace       used 47837K, committed 48512K, reserved 1114112K
  class space    used 6165K, committed 6464K, reserved 1048576K
}

Dll operation events (10 events):
Event: 0.023 Loaded shared library c:\Users\Admin\.vscode\extensions\redhat.java-1.30.0-win32-x64\jre\17.0.10-win32-x86_64\bin\java.dll
Event: 0.365 Loaded shared library C:\Users\Admin\.vscode\extensions\redhat.java-1.30.0-win32-x64\jre\17.0.10-win32-x86_64\bin\net.dll
Event: 0.368 Loaded shared library C:\Users\Admin\.vscode\extensions\redhat.java-1.30.0-win32-x64\jre\17.0.10-win32-x86_64\bin\nio.dll
Event: 0.385 Loaded shared library C:\Users\Admin\.vscode\extensions\redhat.java-1.30.0-win32-x64\jre\17.0.10-win32-x86_64\bin\zip.dll
Event: 1.237 Loaded shared library C:\Users\Admin\.vscode\extensions\redhat.java-1.30.0-win32-x64\jre\17.0.10-win32-x86_64\bin\jimage.dll
Event: 2.812 Loaded shared library c:\Users\Admin\.vscode\extensions\redhat.java-1.30.0-win32-x64\jre\17.0.10-win32-x86_64\bin\verify.dll
Event: 6.342 Loaded shared library C:\Users\Admin\.vscode\extensions\redhat.java-1.30.0-win32-x64\jre\17.0.10-win32-x86_64\bin\management.dll
Event: 6.345 Loaded shared library C:\Users\Admin\.vscode\extensions\redhat.java-1.30.0-win32-x64\jre\17.0.10-win32-x86_64\bin\management_ext.dll
Event: 7.562 Loaded shared library C:\Users\Admin\.vscode\extensions\redhat.java-1.30.0-win32-x64\jre\17.0.10-win32-x86_64\bin\sunmscapi.dll
Event: 7.794 Loaded shared library C:\Users\Admin\.vscode\extensions\redhat.java-1.30.0-win32-x64\jre\17.0.10-win32-x86_64\bin\extnet.dll

Deoptimization events (8 events):
Event: 6.780 Thread 0x0000014dd21a1820 DEOPT PACKING pc=0x0000014dc5587381 sp=0x0000000b2c4fd6e0
Event: 6.780 Thread 0x0000014dd21a1820 DEOPT UNPACKING pc=0x0000014dc502ace3 sp=0x0000000b2c4fcb70 mode 3
Event: 6.812 Thread 0x0000014dd21f77b0 DEOPT PACKING pc=0x0000014dc5565897 sp=0x0000000b2c5ff0b0
Event: 6.812 Thread 0x0000014dd21f77b0 DEOPT UNPACKING pc=0x0000014dc502ace3 sp=0x0000000b2c5fe508 mode 3
Event: 7.624 Thread 0x0000014dcdd43ab0 DEOPT PACKING pc=0x0000014dc51be90c sp=0x0000000b2ccfaac0
Event: 7.624 Thread 0x0000014dcdd43ab0 DEOPT UNPACKING pc=0x0000014dc502ace3 sp=0x0000000b2ccf9f88 mode 0
Event: 255.784 Thread 0x0000014dd21a1820 DEOPT PACKING pc=0x0000014dc5665754 sp=0x0000000b2c4febe0
Event: 255.784 Thread 0x0000014dd21a1820 DEOPT UNPACKING pc=0x0000014dc502ace3 sp=0x0000000b2c4fe088 mode 0

Classes unloaded (20 events):
Event: 66.661 Thread 0x0000014dcd16c2e0 Unloading class 0x0000000100251000 'java/lang/invoke/LambdaForm$DMH+0x0000000100251000'
Event: 66.661 Thread 0x0000014dcd16c2e0 Unloading class 0x0000000100096000 'java/lang/invoke/LambdaForm$MH+0x0000000100096000'
Event: 66.661 Thread 0x0000014dcd16c2e0 Unloading class 0x0000000100095c00 'java/lang/invoke/LambdaForm$MH+0x0000000100095c00'
Event: 66.661 Thread 0x0000014dcd16c2e0 Unloading class 0x0000000100095800 'java/lang/invoke/LambdaForm$MH+0x0000000100095800'
Event: 66.661 Thread 0x0000014dcd16c2e0 Unloading class 0x0000000100095400 'java/lang/invoke/LambdaForm$MH+0x0000000100095400'
Event: 66.661 Thread 0x0000014dcd16c2e0 Unloading class 0x0000000100095000 'java/lang/invoke/LambdaForm$MH+0x0000000100095000'
Event: 66.661 Thread 0x0000014dcd16c2e0 Unloading class 0x0000000100094c00 'java/lang/invoke/LambdaForm$MH+0x0000000100094c00'
Event: 66.661 Thread 0x0000014dcd16c2e0 Unloading class 0x0000000100094800 'java/lang/invoke/LambdaForm$MH+0x0000000100094800'
Event: 66.661 Thread 0x0000014dcd16c2e0 Unloading class 0x0000000100094400 'java/lang/invoke/LambdaForm$MH+0x0000000100094400'
Event: 66.661 Thread 0x0000014dcd16c2e0 Unloading class 0x000000010008e800 'java/lang/invoke/LambdaForm$MH+0x000000010008e800'
Event: 66.661 Thread 0x0000014dcd16c2e0 Unloading class 0x000000010008e400 'java/lang/invoke/LambdaForm$MH+0x000000010008e400'
Event: 66.661 Thread 0x0000014dcd16c2e0 Unloading class 0x000000010008e000 'java/lang/invoke/LambdaForm$MH+0x000000010008e000'
Event: 66.661 Thread 0x0000014dcd16c2e0 Unloading class 0x000000010008dc00 'java/lang/invoke/LambdaForm$MH+0x000000010008dc00'
Event: 66.661 Thread 0x0000014dcd16c2e0 Unloading class 0x000000010008d800 'java/lang/invoke/LambdaForm$MH+0x000000010008d800'
Event: 66.661 Thread 0x0000014dcd16c2e0 Unloading class 0x000000010008d400 'java/lang/invoke/LambdaForm$MH+0x000000010008d400'
Event: 66.661 Thread 0x0000014dcd16c2e0 Unloading class 0x000000010008cc00 'java/lang/invoke/LambdaForm$MH+0x000000010008cc00'
Event: 66.661 Thread 0x0000014dcd16c2e0 Unloading class 0x000000010008c800 'java/lang/invoke/LambdaForm$MH+0x000000010008c800'
Event: 66.661 Thread 0x0000014dcd16c2e0 Unloading class 0x000000010008c000 'java/lang/invoke/LambdaForm$MH+0x000000010008c000'
Event: 66.661 Thread 0x0000014dcd16c2e0 Unloading class 0x000000010008bc00 'java/lang/invoke/LambdaForm$MH+0x000000010008bc00'
Event: 66.661 Thread 0x0000014dcd16c2e0 Unloading class 0x0000000100088400 'java/lang/invoke/LambdaForm$MH+0x0000000100088400'

Classes redefined (0 events):
No events

Internal exceptions (20 events):
Event: 6.900 Thread 0x0000014dcdd45e20 Exception <a 'sun/nio/fs/WindowsException'{0x00000000c3288560}> (0x00000000c3288560) 
thrown [s\src\hotspot\share\prims\jni.cpp, line 516]
Event: 6.900 Thread 0x0000014dcdd45e20 Exception <a 'sun/nio/fs/WindowsException'{0x00000000c3289020}> (0x00000000c3289020) 
thrown [s\src\hotspot\share\prims\jni.cpp, line 516]
Event: 6.900 Thread 0x0000014dcdd45e20 Exception <a 'sun/nio/fs/WindowsException'{0x00000000c3289b20}> (0x00000000c3289b20) 
thrown [s\src\hotspot\share\prims\jni.cpp, line 516]
Event: 6.900 Thread 0x0000014dcdd45e20 Exception <a 'sun/nio/fs/WindowsException'{0x00000000c328a6e8}> (0x00000000c328a6e8) 
thrown [s\src\hotspot\share\prims\jni.cpp, line 516]
Event: 6.900 Thread 0x0000014dcdd45e20 Exception <a 'sun/nio/fs/WindowsException'{0x00000000c328b350}> (0x00000000c328b350) 
thrown [s\src\hotspot\share\prims\jni.cpp, line 516]
Event: 6.902 Thread 0x0000014dcdd45e20 Exception <a 'sun/nio/fs/WindowsException'{0x00000000c3292318}> (0x00000000c3292318) 
thrown [s\src\hotspot\share\prims\jni.cpp, line 516]
Event: 6.902 Thread 0x0000014dcdd45e20 Exception <a 'sun/nio/fs/WindowsException'{0x00000000c3292e18}> (0x00000000c3292e18) 
thrown [s\src\hotspot\share\prims\jni.cpp, line 516]
Event: 6.902 Thread 0x0000014dcdd45e20 Exception <a 'sun/nio/fs/WindowsException'{0x00000000c32938d8}> (0x00000000c32938d8) 
thrown [s\src\hotspot\share\prims\jni.cpp, line 516]
Event: 6.902 Thread 0x0000014dcdd45e20 Exception <a 'sun/nio/fs/WindowsException'{0x00000000c32943d8}> (0x00000000c32943d8) 
thrown [s\src\hotspot\share\prims\jni.cpp, line 516]
Event: 6.902 Thread 0x0000014dcdd45e20 Exception <a 'sun/nio/fs/WindowsException'{0x00000000c3294fa0}> (0x00000000c3294fa0) 
thrown [s\src\hotspot\share\prims\jni.cpp, line 516]
Event: 6.902 Thread 0x0000014dcdd45e20 Exception <a 'sun/nio/fs/WindowsException'{0x00000000c3295c08}> (0x00000000c3295c08) 
thrown [s\src\hotspot\share\prims\jni.cpp, line 516]
Event: 7.380 Thread 0x0000014dcdd43ab0 Exception <a 'java/lang/NoSuchMethodError'{0x00000000c31aa2e8}: 'void java.lang.invoke.DirectMethodHandle$Holder.invokeVirtual(java.lang.Object, java.lang.Object, java.lang.Object, java.lang.Object)'> (0x00000000c31aa2e8) 
thrown [s\src\hotspot\share\interpreter\linkResolver.cpp, line 759]
Event: 7.488 Thread 0x0000014dcdd43ab0 Exception <a 'java/lang/NoSuchMethodError'{0x00000000c5aabe38}: 'java.lang.Object java.lang.invoke.DirectMethodHandle$Holder.invokeStatic(java.lang.Object, java.lang.Object, int, java.lang.Object)'> (0x00000000c5aabe38) 
thrown [s\src\hotspot\share\interpreter\linkResolver.cpp, line 759]
Event: 7.489 Thread 0x0000014dcdd43ab0 Exception <a 'java/lang/NoSuchMethodError'{0x00000000c5ab2248}: 'java.lang.Object java.lang.invoke.DirectMethodHandle$Holder.newInvokeSpecial(java.lang.Object, java.lang.Object, int)'> (0x00000000c5ab2248) 
thrown [s\src\hotspot\share\interpreter\linkResolver.cpp, line 759]
Event: 7.618 Thread 0x0000014dcdd43ab0 Exception <a 'sun/nio/fs/WindowsException'{0x00000000c42f0e40}> (0x00000000c42f0e40) 
thrown [s\src\hotspot\share\prims\jni.cpp, line 516]
Event: 46.353 Thread 0x0000014dd221b020 Exception <a 'java/lang/NoSuchMethodError'{0x00000000c58ad9b0}: 'void java.lang.invoke.DirectMethodHandle$Holder.invokeStatic(java.lang.Object, long)'> (0x00000000c58ad9b0) 
thrown [s\src\hotspot\share\interpreter\linkResolver.cpp, line 759]
Event: 46.353 Thread 0x0000014dd221b020 Exception <a 'java/lang/NoSuchMethodError'{0x00000000c58b2d58}: 'java.lang.Object java.lang.invoke.DirectMethodHandle$Holder.newInvokeSpecial(java.lang.Object, long)'> (0x00000000c58b2d58) 
thrown [s\src\hotspot\share\interpreter\linkResolver.cpp, line 759]
Event: 308.575 Thread 0x0000014dcdd45910 Exception <a 'java/io/IOException'{0x00000000c7d77f10}> (0x00000000c7d77f10) 
thrown [s\src\hotspot\share\prims\jni.cpp, line 516]
Event: 308.874 Thread 0x0000014dcdd43fc0 Exception <a 'java/io/IOException'{0x00000000c7d66008}> (0x00000000c7d66008) 
thrown [s\src\hotspot\share\prims\jni.cpp, line 516]
Event: 309.861 Thread 0x0000014dcdd42b80 Exception <a 'java/io/IOException'{0x00000000c7d6e8a8}> (0x00000000c7d6e8a8) 
thrown [s\src\hotspot\share\prims\jni.cpp, line 516]

VM Operations (20 events):
Event: 359.390 Executing VM operation: G1CollectFull done
Event: 360.695 Executing VM operation: HandshakeAllThreads
Event: 360.695 Executing VM operation: HandshakeAllThreads done
Event: 369.511 Executing VM operation: G1CollectFull
Event: 369.542 Executing VM operation: G1CollectFull done
Event: 370.556 Executing VM operation: Cleanup
Event: 370.556 Executing VM operation: Cleanup done
Event: 420.916 Executing VM operation: HandshakeAllThreads
Event: 420.916 Executing VM operation: HandshakeAllThreads done
Event: 439.749 Executing VM operation: G1CollectFull
Event: 439.764 Executing VM operation: G1CollectFull done
Event: 449.886 Executing VM operation: G1CollectFull
Event: 449.911 Executing VM operation: G1CollectFull done
Event: 460.028 Executing VM operation: G1CollectFull
Event: 460.058 Executing VM operation: G1CollectFull done
Event: 470.181 Executing VM operation: G1CollectFull
Event: 470.208 Executing VM operation: G1CollectFull done
Event: 480.359 Executing VM operation: G1CollectFull
Event: 480.392 Executing VM operation: G1CollectFull done
Event: 490.425 Executing VM operation: G1CollectFull

Events (20 events):
Event: 308.573 loading class sun/nio/ch/ExtendedSocketOption
Event: 308.573 loading class sun/nio/ch/ExtendedSocketOption done
Event: 308.573 loading class sun/nio/ch/ExtendedSocketOption$1
Event: 308.573 loading class sun/nio/ch/ExtendedSocketOption$1 done
Event: 308.573 loading class sun/security/ssl/Alert
Event: 308.574 loading class sun/security/ssl/Alert done
Event: 308.575 loading class sun/security/ssl/Alert$AlertConsumer
Event: 308.575 loading class sun/security/ssl/Alert$AlertConsumer done
Event: 308.575 loading class sun/security/ssl/Alert$Level
Event: 308.575 loading class sun/security/ssl/Alert$Level done
Event: 308.575 loading class sun/net/ConnectionResetException
Event: 308.576 loading class sun/net/ConnectionResetException done
Event: 315.793 Thread 0x0000014dcdd444d0 Thread exited: 0x0000014dcdd444d0
Event: 368.586 Thread 0x0000014dcdd44ef0 Thread exited: 0x0000014dcdd44ef0
Event: 368.883 Thread 0x0000014dcdd43fc0 Thread exited: 0x0000014dcdd43fc0
Event: 368.883 Thread 0x0000014dcdd43090 Thread exited: 0x0000014dcdd43090
Event: 369.864 Thread 0x0000014dcdd42b80 Thread exited: 0x0000014dcdd42b80
Event: 369.864 Thread 0x0000014dcdd45910 Thread exited: 0x0000014dcdd45910
Event: 370.057 Thread 0x0000014dcdd435a0 Thread added: 0x0000014dcdd435a0
Event: 466.016 Thread 0x0000014dcdd435a0 Thread exited: 0x0000014dcdd435a0


Dynamic libraries:
0x00007ff700eb0000 - 0x00007ff700ebe000 	c:\Users\Admin\.vscode\extensions\redhat.java-1.30.0-win32-x64\jre\17.0.10-win32-x86_64\bin\java.exe
0x00007ffa40ed0000 - 0x00007ffa410e6000 	C:\WINDOWS\SYSTEM32\ntdll.dll
0x00007ffa3fae0000 - 0x00007ffa3fba4000 	C:\WINDOWS\System32\KERNEL32.DLL
0x00007ffa3e1f0000 - 0x00007ffa3e597000 	C:\WINDOWS\System32\KERNELBASE.dll
0x00007ffa3e6d0000 - 0x00007ffa3e7e1000 	C:\WINDOWS\System32\ucrtbase.dll
0x00007ffa21820000 - 0x00007ffa21837000 	c:\Users\Admin\.vscode\extensions\redhat.java-1.30.0-win32-x64\jre\17.0.10-win32-x86_64\bin\jli.dll
0x00007ffa3fc50000 - 0x00007ffa3fdfe000 	C:\WINDOWS\System32\USER32.dll
0x00007ffa3eb30000 - 0x00007ffa3eb56000 	C:\WINDOWS\System32\win32u.dll
0x00007ffa3f830000 - 0x00007ffa3f859000 	C:\WINDOWS\System32\GDI32.dll
0x00007ffa3e870000 - 0x00007ffa3e989000 	C:\WINDOWS\System32\gdi32full.dll
0x00007ffa3eb60000 - 0x00007ffa3ebfa000 	C:\WINDOWS\System32\msvcp_win.dll
0x00007ffa20b10000 - 0x00007ffa20b2b000 	c:\Users\Admin\.vscode\extensions\redhat.java-1.30.0-win32-x64\jre\17.0.10-win32-x86_64\bin\VCRUNTIME140.dll
0x00007ffa20cf0000 - 0x00007ffa20f83000 	C:\WINDOWS\WinSxS\amd64_microsoft.windows.common-controls_6595b64144ccf1df_6.0.22621.3235_none_270f74e173860f98\COMCTL32.dll
0x00007ffa3f080000 - 0x00007ffa3f127000 	C:\WINDOWS\System32\msvcrt.dll
0x00007ffa3f370000 - 0x00007ffa3f3a1000 	C:\WINDOWS\System32\IMM32.DLL
0x00007ffa2da80000 - 0x00007ffa2da8c000 	c:\Users\Admin\.vscode\extensions\redhat.java-1.30.0-win32-x64\jre\17.0.10-win32-x86_64\bin\vcruntime140_1.dll
0x00007ffa0daf0000 - 0x00007ffa0db7d000 	c:\Users\Admin\.vscode\extensions\redhat.java-1.30.0-win32-x64\jre\17.0.10-win32-x86_64\bin\msvcp140.dll
0x00007ff9d1dd0000 - 0x00007ff9d2a32000 	c:\Users\Admin\.vscode\extensions\redhat.java-1.30.0-win32-x64\jre\17.0.10-win32-x86_64\bin\server\jvm.dll
0x00007ffa3f3c0000 - 0x00007ffa3f472000 	C:\WINDOWS\System32\ADVAPI32.dll
0x00007ffa3fe00000 - 0x00007ffa3fea8000 	C:\WINDOWS\System32\sechost.dll
0x00007ffa3e990000 - 0x00007ffa3e9b8000 	C:\WINDOWS\System32\bcrypt.dll
0x00007ffa3f480000 - 0x00007ffa3f595000 	C:\WINDOWS\System32\RPCRT4.dll
0x00007ffa3daa0000 - 0x00007ffa3daed000 	C:\WINDOWS\SYSTEM32\POWRPROF.dll
0x00007ffa1e420000 - 0x00007ffa1e429000 	C:\WINDOWS\SYSTEM32\WSOCK32.dll
0x00007ffa3f130000 - 0x00007ffa3f1a1000 	C:\WINDOWS\System32\WS2_32.dll
0x00007ffa36770000 - 0x00007ffa367a4000 	C:\WINDOWS\SYSTEM32\WINMM.dll
0x00007ffa34970000 - 0x00007ffa3497a000 	C:\WINDOWS\SYSTEM32\VERSION.dll
0x00007ffa3da80000 - 0x00007ffa3da93000 	C:\WINDOWS\SYSTEM32\UMPDC.dll
0x00007ffa3d230000 - 0x00007ffa3d248000 	C:\WINDOWS\SYSTEM32\kernel.appcore.dll
0x00007ffa2be90000 - 0x00007ffa2be9a000 	c:\Users\Admin\.vscode\extensions\redhat.java-1.30.0-win32-x64\jre\17.0.10-win32-x86_64\bin\jimage.dll
0x00007ffa3b890000 - 0x00007ffa3bac3000 	C:\WINDOWS\SYSTEM32\DBGHELP.DLL
0x00007ffa40190000 - 0x00007ffa40518000 	C:\WINDOWS\System32\combase.dll
0x00007ffa3f5f0000 - 0x00007ffa3f6c7000 	C:\WINDOWS\System32\OLEAUT32.dll
0x00007ffa241d0000 - 0x00007ffa24202000 	C:\WINDOWS\SYSTEM32\dbgcore.DLL
0x00007ffa3e7f0000 - 0x00007ffa3e869000 	C:\WINDOWS\System32\bcryptPrimitives.dll
0x00007ffa1e790000 - 0x00007ffa1e7b5000 	c:\Users\Admin\.vscode\extensions\redhat.java-1.30.0-win32-x64\jre\17.0.10-win32-x86_64\bin\java.dll
0x00007ffa1ed80000 - 0x00007ffa1ed98000 	c:\Users\Admin\.vscode\extensions\redhat.java-1.30.0-win32-x64\jre\17.0.10-win32-x86_64\bin\zip.dll
0x00007ffa405b0000 - 0x00007ffa40e0c000 	C:\WINDOWS\System32\SHELL32.dll
0x00007ffa3c150000 - 0x00007ffa3ca49000 	C:\WINDOWS\SYSTEM32\windows.storage.dll
0x00007ffa3c010000 - 0x00007ffa3c14e000 	C:\WINDOWS\SYSTEM32\wintypes.dll
0x00007ffa3fec0000 - 0x00007ffa3ffb3000 	C:\WINDOWS\System32\SHCORE.dll
0x00007ffa3fa80000 - 0x00007ffa3fade000 	C:\WINDOWS\System32\shlwapi.dll
0x00007ffa3e120000 - 0x00007ffa3e141000 	C:\WINDOWS\SYSTEM32\profapi.dll
0x00007ffa1a130000 - 0x00007ffa1a149000 	C:\Users\Admin\.vscode\extensions\redhat.java-1.30.0-win32-x64\jre\17.0.10-win32-x86_64\bin\net.dll
0x00007ffa38930000 - 0x00007ffa38a66000 	C:\WINDOWS\SYSTEM32\WINHTTP.dll
0x00007ffa3d6a0000 - 0x00007ffa3d709000 	C:\WINDOWS\system32\mswsock.dll
0x00007ffa19ff0000 - 0x00007ffa1a006000 	C:\Users\Admin\.vscode\extensions\redhat.java-1.30.0-win32-x64\jre\17.0.10-win32-x86_64\bin\nio.dll
0x00007ffa23e80000 - 0x00007ffa23e90000 	c:\Users\Admin\.vscode\extensions\redhat.java-1.30.0-win32-x64\jre\17.0.10-win32-x86_64\bin\verify.dll
0x00007ffa3d910000 - 0x00007ffa3d92b000 	C:\WINDOWS\SYSTEM32\CRYPTSP.dll
0x00007ffa3d190000 - 0x00007ffa3d1c5000 	C:\WINDOWS\system32\rsaenh.dll
0x00007ffa3d7a0000 - 0x00007ffa3d7c8000 	C:\WINDOWS\SYSTEM32\USERENV.dll
0x00007ffa3d900000 - 0x00007ffa3d90c000 	C:\WINDOWS\SYSTEM32\CRYPTBASE.dll
0x00007ffa3cca0000 - 0x00007ffa3cccd000 	C:\WINDOWS\SYSTEM32\IPHLPAPI.DLL
0x00007ffa3f3b0000 - 0x00007ffa3f3b9000 	C:\WINDOWS\System32\NSI.dll
0x00007ffa367c0000 - 0x00007ffa367d9000 	C:\WINDOWS\SYSTEM32\dhcpcsvc6.DLL
0x00007ffa36750000 - 0x00007ffa3676f000 	C:\WINDOWS\SYSTEM32\dhcpcsvc.DLL
0x00007ffa3ccd0000 - 0x00007ffa3cdc9000 	C:\WINDOWS\SYSTEM32\DNSAPI.dll
0x00007ffa21810000 - 0x00007ffa21819000 	C:\Users\Admin\.vscode\extensions\redhat.java-1.30.0-win32-x64\jre\17.0.10-win32-x86_64\bin\management.dll
0x00007ffa1e780000 - 0x00007ffa1e78b000 	C:\Users\Admin\.vscode\extensions\redhat.java-1.30.0-win32-x64\jre\17.0.10-win32-x86_64\bin\management_ext.dll
0x00007ffa3feb0000 - 0x00007ffa3feb8000 	C:\WINDOWS\System32\PSAPI.DLL
0x00007ffa1e580000 - 0x00007ffa1e58e000 	C:\Users\Admin\.vscode\extensions\redhat.java-1.30.0-win32-x64\jre\17.0.10-win32-x86_64\bin\sunmscapi.dll
0x00007ffa3e9c0000 - 0x00007ffa3eb27000 	C:\WINDOWS\System32\CRYPT32.dll
0x00007ffa3db90000 - 0x00007ffa3dbbe000 	C:\WINDOWS\SYSTEM32\ncrypt.dll
0x00007ffa3db50000 - 0x00007ffa3db87000 	C:\WINDOWS\SYSTEM32\NTASN1.dll
0x00007ffa367b0000 - 0x00007ffa367ba000 	C:\Windows\System32\rasadhlp.dll
0x00007ffa35130000 - 0x00007ffa351b3000 	C:\WINDOWS\System32\fwpuclnt.dll
0x00007ffa1e350000 - 0x00007ffa1e359000 	C:\Users\Admin\.vscode\extensions\redhat.java-1.30.0-win32-x64\jre\17.0.10-win32-x86_64\bin\extnet.dll

dbghelp: loaded successfully - version: 4.0.5 - missing functions: none
symbol engine: initialized successfully - sym options: 0x614 - pdb path: .;c:\Users\Admin\.vscode\extensions\redhat.java-1.30.0-win32-x64\jre\17.0.10-win32-x86_64\bin;C:\WINDOWS\SYSTEM32;C:\WINDOWS\WinSxS\amd64_microsoft.windows.common-controls_6595b64144ccf1df_6.0.22621.3235_none_270f74e173860f98;c:\Users\Admin\.vscode\extensions\redhat.java-1.30.0-win32-x64\jre\17.0.10-win32-x86_64\bin\server

VM Arguments:
jvm_args: -Xmx1024m -Dsts.lsp.client=vscode -Dsts.log.file=/dev/null -XX:TieredStopAtLevel=1 -Xlog:jni+resolve=off -Dspring.config.location=file:c:\Users\Admin\.vscode\extensions\vmware.vscode-spring-boot-1.54.0\language-server\BOOT-INF\classes\application.properties 
java_command: org.springframework.ide.vscode.boot.app.BootLanguageServerBootApp
java_class_path (initial): c:\Users\Admin\.vscode\extensions\vmware.vscode-spring-boot-1.54.0\language-server\BOOT-INF\classes;c:\Users\Admin\.vscode\extensions\vmware.vscode-spring-boot-1.54.0\language-server\BOOT-INF\lib\annotations-24.1.0.jar;c:\Users\Admin\.vscode\extensions\vmware.vscode-spring-boot-1.54.0\language-server\BOOT-INF\lib\antlr4-runtime-4.13.1.jar;c:\Users\Admin\.vscode\extensions\vmware.vscode-spring-boot-1.54.0\language-server\BOOT-INF\lib\asm-9.7.jar;c:\Users\Admin\.vscode\extensions\vmware.vscode-spring-boot-1.54.0\language-server\BOOT-INF\lib\asm-analysis-9.7.jar;c:\Users\Admin\.vscode\extensions\vmware.vscode-spring-boot-1.54.0\language-server\BOOT-INF\lib\asm-tree-9.7.jar;c:\Users\Admin\.vscode\extensions\vmware.vscode-spring-boot-1.54.0\language-server\BOOT-INF\lib\asm-util-9.7.jar;c:\Users\Admin\.vscode\extensions\vmware.vscode-spring-boot-1.54.0\language-server\BOOT-INF\lib\caffeine-3.1.8.jar;c:\Users\Admin\.vscode\extensions\vmware.vscode-spring-boot-1.54.0\language-server\BOOT-INF\lib\checker-qual-3.12.0.jar;c:\Users\Admin\.vscode\extensions\vmware.vscode-spring-boot-1.54.0\language-server\BOOT-INF\lib\classgraph-4.8.149.jar;c:\Users\Admin\.vscode\extensions\vmware.vscode-spring-boot-1.54.0\language-server\BOOT-INF\lib\commons-codec-1.16.1.jar;c:\Users\Admin\.vscode\extensions\vmware.vscode-spring-boot-1.54.0\language-server\BOOT-INF\lib\commons-compress-1.26.1.jar;c:\Users\Admin\.vscode\extensions\vmware.vscode-spring-boot-1.54.0\language-server\BOOT-INF\lib\commons-io-2.4.jar;c:\Users\Admin\.vscode\extensions\vmware.vscode-spring-boot-1.54.0\language-server\BOOT-INF\lib\commons-java-1.54.0-SNAPSHOT.jar;c:\Users\Admin\.vscode\extensions\vmware.vscode-spring-boot-1.54.0\language-server\BOOT-INF\lib\commons-lang3-3.13.0.jar;c:\Users\Admin\.vscode\extensions\vmware.vscode-spring-boot-1.54.0\language-server\BOOT-INF\lib\commons-language-server-1.54.0-SNAPSHOT.jar;c:\Users\Admin\.vscode\extensions\vmware.vscode-spring-boot-1.54.0\language
Launcher Type: SUN_STANDARD

[Global flags]
     intx CICompilerCount                          = 4                                         {product} {ergonomic}
     uint ConcGCThreads                            = 2                                         {product} {ergonomic}
     uint G1ConcRefinementThreads                  = 8                                         {product} {ergonomic}
   size_t G1HeapRegionSize                         = 1048576                                   {product} {ergonomic}
    uintx GCDrainStackTargetSize                   = 64                                        {product} {ergonomic}
   size_t InitialHeapSize                          = 132120576                                 {product} {ergonomic}
   size_t MarkStackSize                            = 4194304                                   {product} {ergonomic}
   size_t MaxHeapSize                              = 1073741824                                {product} {command line}
   size_t MaxNewSize                               = 643825664                                 {product} {ergonomic}
   size_t MinHeapDeltaBytes                        = 1048576                                   {product} {ergonomic}
   size_t MinHeapSize                              = 8388608                                   {product} {ergonomic}
    uintx NonProfiledCodeHeapSize                  = 0                                      {pd product} {ergonomic}
     bool ProfileInterpreter                       = false                                  {pd product} {command line}
    uintx ProfiledCodeHeapSize                     = 0                                      {pd product} {ergonomic}
   size_t SoftMaxHeapSize                          = 1073741824                             {manageable} {ergonomic}
     intx TieredStopAtLevel                        = 1                                         {product} {command line}
     bool UseCompressedClassPointers               = true                           {product lp64_product} {ergonomic}
     bool UseCompressedOops                        = true                           {product lp64_product} {ergonomic}
     bool UseG1GC                                  = true                                      {product} {ergonomic}
     bool UseLargePagesIndividualAllocation        = false                                  {pd product} {ergonomic}

Logging:
Log output configuration:
 #0: stdout all=warning,jni+resolve=off uptime,level,tags
 #1: stderr all=off uptime,level,tags

Environment Variables:
JAVA_HOME=C:\Program Files\Java\jdk-17
PATH=C:\Program Files\Common Files\Oracle\Java\javapath;C:\Program Files (x86)\Common Files\Oracle\Java\javapath;C:\Program Files (x86)\VMware\VMware Workstation\bin\;C:\WINDOWS\system32;C:\WINDOWS;C:\WINDOWS\System32\Wbem;C:\WINDOWS\System32\WindowsPowerShell\v1.0\;C:\WINDOWS\System32\OpenSSH\;C:\Program Files (x86)\Microsoft SQL Server\160\Tools\Binn\;C:\Program Files\Microsoft SQL Server\160\Tools\Binn\;C:\Program Files\Microsoft SQL Server\Client SDK\ODBC\170\Tools\Binn\;C:\Program Files\Microsoft SQL Server\160\DTS\Binn\;C:\Program Files\Azure Data Studio\bin;C:\Program Files (x86)\Microsoft SQL Server\160\DTS\Binn\;C:\Program Files\Microsoft SQL Server\130\Tools\Binn\;C:\Program Files\Microsoft SQL Server\150\Tools\Binn\;C:\Program Files\Git\cmd;C:\Program Files\dotnet\;C:\Program Files\nodejs\;D:\download\apache-maven-3.9.6\bin;C:\Program Files\Java\jdk1.8.0_341\;C:\Users\Admin\AppData\Local\Microsoft\WindowsApps;C:\Program Files\Azure Data Studio\bin;C:\Users\Admin\.dotnet\tools;C:\Users\Admin\AppData\Local\gitkraken\bin;C:\Users\Admin\.dotnet\tools;C:\Users\Admin\AppData\Local\Programs\Microsoft VS Code\bin;C:\Users\Admin\AppData\Roaming\npm;C:\Program Files\Java\jdk-17\bin;C:\Users\Admin\Desktop\CNDLL\spark-3.5.0-bin-hadoop3\bin;C:\Users\Admin\Desktop\CNDLL\spark-3.5.0-bin-hadoop3\bin\bin;C:\Users\Admin\AppData\Local\GitHubDesktop\bin
USERNAME=Admin
OS=Windows_NT
PROCESSOR_IDENTIFIER=Intel64 Family 6 Model 140 Stepping 1, GenuineIntel
TMP=C:\Users\Admin\AppData\Local\Temp
TEMP=C:\Users\Admin\AppData\Local\Temp



Periodic native trim disabled


---------------  S Y S T E M  ---------------

OS:
 Windows 11 , 64 bit Build 22621 (10.0.22621.3374)
OS uptime: 0 days 1:07 hours

CPU: total 8 (initial active 8) (4 cores per cpu, 2 threads per core) family 6 model 140 stepping 1 microcode 0x8a, cx8, cmov, fxsr, ht, mmx, 3dnowpref, sse, sse2, sse3, ssse3, sse4.1, sse4.2, popcnt, lzcnt, tsc, tscinvbit, avx, avx2, aes, erms, clmul, bmi1, bmi2, adx, avx512f, avx512dq, avx512cd, avx512bw, avx512vl, sha, fma, vzeroupper, avx512_vpopcntdq, avx512_vpclmulqdq, avx512_vaes, avx512_vnni, clflush, clflushopt, clwb, avx512_vbmi2, avx512_vbmi
Processor Information for all 8 processors :
  Max Mhz: 2419, Current Mhz: 2419, Mhz Limit: 2419

Memory: 4k page, system-wide physical 7975M (757M free)
TotalPageFile size 11975M (AvailPageFile size 4M)
current process WorkingSet (physical memory assigned to process): 168M, peak: 188M
current process commit charge ("private bytes"): 227M, peak: 239M

vm_info: OpenJDK 64-Bit Server VM (17.0.10+7) for windows-amd64 JRE (17.0.10+7), built on Jan 16 2024 23:25:11 by "admin" with MS VC++ 16.10 / 16.11 (VS2019)

END.
