#
# There is insufficient memory for the Java Runtime Environment to continue.
# Native memory allocation (malloc) failed to allocate 1048576 bytes for AllocateHeap
# Possible reasons:
#   The system is out of physical RAM or swap space
#   The process is running with CompressedOops enabled, and the Java Heap may be blocking the growth of the native heap
# Possible solutions:
#   Reduce memory load on the system
#   Increase physical memory or swap space
#   Check if swap backing store is full
#   Decrease Java heap size (-Xmx/-Xms)
#   Decrease number of Java threads
#   Decrease Java thread stack sizes (-Xss)
#   Set larger code cache with -XX:ReservedCodeCacheSize=
#   JVM is running with Unscaled Compressed Oops mode in which the Java heap is
#     placed in the first 4GB address space. The Java Heap base address is the
#     maximum limit for the native heap growth. Please use -XX:HeapBaseMinAddress
#     to set the Java Heap base and to place the Java Heap above 4GB virtual address.
# This output file may be truncated or incomplete.
#
#  Out of Memory Error (allocation.cpp:44), pid=15228, tid=15036
#
# JRE version: OpenJDK Runtime Environment Temurin-17.0.10+7 (17.0.10+7) (build 17.0.10+7)
# Java VM: OpenJDK 64-Bit Server VM Temurin-17.0.10+7 (17.0.10+7, mixed mode, emulated-client, tiered, compressed oops, compressed class ptrs, g1 gc, windows-amd64)
# No core dump will be written. Minidumps are not enabled by default on client versions of Windows
#

---------------  S U M M A R Y ------------

Command Line: -Xmx1024m -Dsts.lsp.client=vscode -Dsts.log.file=/dev/null -XX:TieredStopAtLevel=1 -Xlog:jni+resolve=off -Dspring.config.location=file:c:\Users\Admin\.vscode\extensions\vmware.vscode-spring-boot-1.54.0\language-server\BOOT-INF\classes\application.properties org.springframework.ide.vscode.boot.app.BootLanguageServerBootApp

Host: 11th Gen Intel(R) Core(TM) i5-1135G7 @ 2.40GHz, 8 cores, 7G,  Windows 11 , 64 bit Build 22621 (10.0.22621.3374)
Time: Mon May  6 19:56:17 2024 SE Asia Standard Time elapsed time: 2274.185411 seconds (0d 0h 37m 54s)

---------------  T H R E A D  ---------------

Current thread (0x00000258ed32d2a0):  VMThread "VM Thread" [stack: 0x000000b31a400000,0x000000b31a500000] [id=15036]

Stack: [0x000000b31a400000,0x000000b31a500000]
Native frames: (J=compiled Java code, j=interpreted, Vv=VM code, C=native code)
V  [jvm.dll+0x67d2c9]
V  [jvm.dll+0x834afa]
V  [jvm.dll+0x8365be]
V  [jvm.dll+0x836c23]
V  [jvm.dll+0x2477ff]
V  [jvm.dll+0xa6c93]
V  [jvm.dll+0x2f8663]
V  [jvm.dll+0x2f42e0]
V  [jvm.dll+0x2dc8c7]
V  [jvm.dll+0x31fb87]
V  [jvm.dll+0x83b11b]
V  [jvm.dll+0x83be61]
V  [jvm.dll+0x83c37d]
V  [jvm.dll+0x83c754]
V  [jvm.dll+0x83c820]
V  [jvm.dll+0x7e3fba]
V  [jvm.dll+0x67c1b5]
C  [ucrtbase.dll+0x29333]
C  [KERNEL32.DLL+0x1257d]
C  [ntdll.dll+0x5aa48]

VM_Operation (0x000000b31bcfed90): G1CollectFull, mode: safepoint, requested by thread 0x00000258f3267040


---------------  P R O C E S S  ---------------

Threads class SMR info:
_java_thread_list=0x00000258f3cc2650, length=28, elements={
0x00000258ed345380, 0x00000258ed345e50, 0x00000258ed367e40, 0x00000258ed368910,
0x00000258ed36b1f0, 0x00000258ed36dad0, 0x00000258ed36e450, 0x00000258ed47a080,
0x00000258ed691e00, 0x00000258ed697e20, 0x00000258f3222ca0, 0x00000258f3267040,
0x00000258f3267520, 0x00000258e2509170, 0x00000258f3281040, 0x00000258f2f80000,
0x00000258f342dab0, 0x00000258f342dfc0, 0x00000258f342fe20, 0x00000258f3430330,
0x00000258f342eef0, 0x00000258f342d090, 0x00000258f342d5a0, 0x00000258f2825190,
0x00000258f2822910, 0x00000258f28260c0, 0x00000258f28214d0, 0x00000258f2823d50
}

Java Threads: ( => current thread )
  0x00000258ed345380 JavaThread "Reference Handler" daemon [_thread_blocked, id=3840, stack(0x000000b31a500000,0x000000b31a600000)]
  0x00000258ed345e50 JavaThread "Finalizer" daemon [_thread_blocked, id=12948, stack(0x000000b31a600000,0x000000b31a700000)]
  0x00000258ed367e40 JavaThread "Signal Dispatcher" daemon [_thread_blocked, id=14072, stack(0x000000b31a700000,0x000000b31a800000)]
  0x00000258ed368910 JavaThread "Attach Listener" daemon [_thread_blocked, id=11748, stack(0x000000b31a800000,0x000000b31a900000)]
  0x00000258ed36b1f0 JavaThread "Service Thread" daemon [_thread_blocked, id=12876, stack(0x000000b31a900000,0x000000b31aa00000)]
  0x00000258ed36dad0 JavaThread "Monitor Deflation Thread" daemon [_thread_blocked, id=2276, stack(0x000000b31aa00000,0x000000b31ab00000)]
  0x00000258ed36e450 JavaThread "C1 CompilerThread0" daemon [_thread_blocked, id=12208, stack(0x000000b31ab00000,0x000000b31ac00000)]
  0x00000258ed47a080 JavaThread "Sweeper thread" daemon [_thread_blocked, id=13356, stack(0x000000b31ac00000,0x000000b31ad00000)]
  0x00000258ed691e00 JavaThread "Notification Thread" daemon [_thread_blocked, id=9332, stack(0x000000b31b000000,0x000000b31b100000)]
  0x00000258ed697e20 JavaThread "Common-Cleaner" daemon [_thread_blocked, id=14572, stack(0x000000b31b200000,0x000000b31b300000)]
  0x00000258f3222ca0 JavaThread "boundedElastic-evictor-1" daemon [_thread_blocked, id=9588, stack(0x000000b31b800000,0x000000b31b900000)]
  0x00000258f3267040 JavaThread "pool-13-thread-1" [_thread_blocked, id=12684, stack(0x000000b31bc00000,0x000000b31bd00000)]
  0x00000258f3267520 JavaThread "LanguageServerApp-lifecycle" [_thread_blocked, id=9280, stack(0x000000b31bd00000,0x000000b31be00000)]
  0x00000258e2509170 JavaThread "DestroyJavaVM" [_thread_blocked, id=6728, stack(0x000000b319e00000,0x000000b319f00000)]
  0x00000258f3281040 JavaThread "pool-14-thread-1" [_thread_in_native, id=5136, stack(0x000000b31be00000,0x000000b31bf00000)]
  0x00000258f2f80000 JavaThread "Simple-Language-Server main thread" daemon [_thread_blocked, id=13476, stack(0x000000b31bf00000,0x000000b31c000000)]
  0x00000258f342dab0 JavaThread "parallel-1" daemon [_thread_blocked, id=6116, stack(0x000000b31c300000,0x000000b31c400000)]
  0x00000258f342dfc0 JavaThread "pool-6-thread-1" [_thread_blocked, id=13704, stack(0x000000b31c400000,0x000000b31c500000)]
  0x00000258f342fe20 JavaThread "parallel-2" daemon [_thread_blocked, id=10192, stack(0x000000b31c500000,0x000000b31c600000)]
  0x00000258f3430330 JavaThread "parallel-3" daemon [_thread_blocked, id=15352, stack(0x000000b31c600000,0x000000b31c700000)]
  0x00000258f342eef0 JavaThread "parallel-4" daemon [_thread_blocked, id=14524, stack(0x000000b31c800000,0x000000b31c900000)]
  0x00000258f342d090 JavaThread "parallel-5" daemon [_thread_blocked, id=13080, stack(0x000000b31c900000,0x000000b31ca00000)]
  0x00000258f342d5a0 JavaThread "Reconciler-1" daemon [_thread_blocked, id=5368, stack(0x000000b31ca00000,0x000000b31cb00000)]
  0x00000258f2825190 JavaThread "pool-8-thread-1" [_thread_blocked, id=2168, stack(0x000000b319b00000,0x000000b319c00000)]
  0x00000258f2822910 JavaThread "parallel-6" daemon [_thread_blocked, id=14800, stack(0x000000b319d00000,0x000000b319e00000)]
  0x00000258f28260c0 JavaThread "parallel-7" daemon [_thread_blocked, id=14600, stack(0x000000b31c100000,0x000000b31c200000)]
  0x00000258f28214d0 JavaThread "parallel-8" daemon [_thread_blocked, id=4912, stack(0x000000b31cb00000,0x000000b31cc00000)]
  0x00000258f2823d50 JavaThread "CompletableFutureDelayScheduler" daemon [_thread_blocked, id=4964, stack(0x000000b31af00000,0x000000b31b000000)]

Other Threads:
=>0x00000258ed32d2a0 VMThread "VM Thread" [stack: 0x000000b31a400000,0x000000b31a500000] [id=15036]
  0x00000258ed6922e0 WatcherThread [stack: 0x000000b31b100000,0x000000b31b200000] [id=9796]
  0x00000258e2547130 GCTaskThread "GC Thread#0" [stack: 0x000000b319f00000,0x000000b31a000000] [id=2744]
  0x00000258f2858b80 GCTaskThread "GC Thread#1" [stack: 0x000000b31b300000,0x000000b31b400000] [id=11148]
  0x00000258f289bad0 GCTaskThread "GC Thread#2" [stack: 0x000000b31b400000,0x000000b31b500000] [id=15012]
  0x00000258f28e4a60 GCTaskThread "GC Thread#3" [stack: 0x000000b31b500000,0x000000b31b600000] [id=15280]
  0x00000258f2ae48f0 GCTaskThread "GC Thread#4" [stack: 0x000000b31b600000,0x000000b31b700000] [id=8092]
  0x00000258f2ae4bb0 GCTaskThread "GC Thread#5" [stack: 0x000000b31b700000,0x000000b31b800000] [id=13304]
  0x00000258f2e34b70 GCTaskThread "GC Thread#6" [stack: 0x000000b31b900000,0x000000b31ba00000] [id=2136]
  0x00000258f2e34e30 GCTaskThread "GC Thread#7" [stack: 0x000000b31ba00000,0x000000b31bb00000] [id=2312]
  0x00000258e254ff90 ConcurrentGCThread "G1 Main Marker" [stack: 0x000000b31a000000,0x000000b31a100000] [id=5932]
  0x00000258e2551060 ConcurrentGCThread "G1 Conc#0" [stack: 0x000000b31a100000,0x000000b31a200000] [id=14724]
  0x00000258f2de40c0 ConcurrentGCThread "G1 Conc#1" [stack: 0x000000b31bb00000,0x000000b31bc00000] [id=8384]
  0x00000258ed1a20c0 ConcurrentGCThread "G1 Refine#0" [stack: 0x000000b31a200000,0x000000b31a300000] [id=1684]
  0x00000258ed1a2a00 ConcurrentGCThread "G1 Service" [stack: 0x000000b31a300000,0x000000b31a400000] [id=1420]

Threads with active compile tasks:

VM state: at safepoint (normal execution)

VM Mutex/Monitor currently owned by a thread:  ([mutex/lock_event])
[0x00000258e0263a10] Threads_lock - owner thread: 0x00000258ed32d2a0
[0x00000258e025e7e0] Heap_lock - owner thread: 0x00000258f3267040

Heap address: 0x00000000c0000000, size: 1024 MB, Compressed Oops mode: 32-bit

CDS archive(s) not mapped
Compressed class space mapped at: 0x0000000100000000-0x0000000140000000, reserved size: 1073741824
Narrow klass base: 0x0000000000000000, Narrow klass shift: 3, Narrow klass range: 0x140000000

GC Precious Log:
 CPUs: 8 total, 8 available
 Memory: 7975M
 Large Page Support: Disabled
 NUMA Support: Disabled
 Compressed Oops: Enabled (32-bit)
 Heap Region Size: 1M
 Heap Min Capacity: 8M
 Heap Initial Capacity: 126M
 Heap Max Capacity: 1G
 Pre-touch: Disabled
 Parallel Workers: 8
 Concurrent Workers: 2
 Concurrent Refinement Workers: 8
 Periodic GC: Disabled

Heap:
 garbage-first heap   total 114688K, used 35819K [0x00000000c0000000, 0x0000000100000000)
  region size 1024K, 1 young (1024K), 0 survivors (0K)
 Metaspace       used 60364K, committed 60864K, reserved 1114112K
  class space    used 7560K, committed 7808K, reserved 1048576K

Heap Regions: E=young(eden), S=young(survivor), O=old, HS=humongous(starts), HC=humongous(continues), CS=collection set, F=free, OA=open archive, CA=closed archive, TAMS=top-at-mark-start (previous, next)
|   0|0x00000000c0000000, 0x00000000c0100000, 0x00000000c0100000|100%|HS|  |TAMS 0x00000000c0100000, 0x00000000c0000000| Untracked 
|   1|0x00000000c0100000, 0x00000000c0200000, 0x00000000c0200000|100%|HC|  |TAMS 0x00000000c0200000, 0x00000000c0100000| Untracked 
|   2|0x00000000c0200000, 0x00000000c0300000, 0x00000000c0300000|100%|HC|  |TAMS 0x00000000c0300000, 0x00000000c0200000| Untracked 
|   3|0x00000000c0300000, 0x00000000c0400000, 0x00000000c0400000|100%|HC|  |TAMS 0x00000000c0400000, 0x00000000c0300000| Untracked 
|   4|0x00000000c0400000, 0x00000000c0500000, 0x00000000c0500000|100%|HS|  |TAMS 0x00000000c0500000, 0x00000000c0400000| Untracked 
|   5|0x00000000c0500000, 0x00000000c0600000, 0x00000000c0600000|100%|HC|  |TAMS 0x00000000c0600000, 0x00000000c0500000| Untracked 
|   6|0x00000000c0600000, 0x00000000c0700000, 0x00000000c0700000|100%| O|  |TAMS 0x00000000c0700000, 0x00000000c0600000| Untracked 
|   7|0x00000000c0700000, 0x00000000c0800000, 0x00000000c0800000|100%| O|  |TAMS 0x00000000c0800000, 0x00000000c0700000| Untracked 
|   8|0x00000000c0800000, 0x00000000c0900000, 0x00000000c0900000|100%| O|  |TAMS 0x00000000c0900000, 0x00000000c0800000| Untracked 
|   9|0x00000000c0900000, 0x00000000c09fffd8, 0x00000000c0a00000| 99%| O|  |TAMS 0x00000000c09fffd8, 0x00000000c0900000| Untracked 
|  10|0x00000000c0a00000, 0x00000000c0b00000, 0x00000000c0b00000|100%| O|  |TAMS 0x00000000c0b00000, 0x00000000c0a00000| Untracked 
|  11|0x00000000c0b00000, 0x00000000c0bffff8, 0x00000000c0c00000| 99%| O|  |TAMS 0x00000000c0bffff8, 0x00000000c0b00000| Untracked 
|  12|0x00000000c0c00000, 0x00000000c0d00000, 0x00000000c0d00000|100%| O|  |TAMS 0x00000000c0d00000, 0x00000000c0c00000| Untracked 
|  13|0x00000000c0d00000, 0x00000000c0dffff0, 0x00000000c0e00000| 99%| O|  |TAMS 0x00000000c0dffff0, 0x00000000c0d00000| Untracked 
|  14|0x00000000c0e00000, 0x00000000c0f00000, 0x00000000c0f00000|100%| O|  |TAMS 0x00000000c0f00000, 0x00000000c0e00000| Untracked 
|  15|0x00000000c0f00000, 0x00000000c1000000, 0x00000000c1000000|100%| O|  |TAMS 0x00000000c1000000, 0x00000000c0f00000| Untracked 
|  16|0x00000000c1000000, 0x00000000c10fffe0, 0x00000000c1100000| 99%| O|  |TAMS 0x00000000c10fffe0, 0x00000000c1000000| Untracked 
|  17|0x00000000c1100000, 0x00000000c11fffd8, 0x00000000c1200000| 99%| O|  |TAMS 0x00000000c11fffd8, 0x00000000c1100000| Untracked 
|  18|0x00000000c1200000, 0x00000000c1300000, 0x00000000c1300000|100%| O|  |TAMS 0x00000000c1300000, 0x00000000c1200000| Untracked 
|  19|0x00000000c1300000, 0x00000000c13fffe8, 0x00000000c1400000| 99%| O|  |TAMS 0x00000000c13fffe8, 0x00000000c1300000| Untracked 
|  20|0x00000000c1400000, 0x00000000c14fffe8, 0x00000000c1500000| 99%| O|  |TAMS 0x00000000c14fffe8, 0x00000000c1400000| Untracked 
|  21|0x00000000c1500000, 0x00000000c15ffff8, 0x00000000c1600000| 99%| O|  |TAMS 0x00000000c15ffff8, 0x00000000c1500000| Untracked 
|  22|0x00000000c1600000, 0x00000000c16fffa8, 0x00000000c1700000| 99%| O|  |TAMS 0x00000000c16fffa8, 0x00000000c1600000| Untracked 
|  23|0x00000000c1700000, 0x00000000c17ffff0, 0x00000000c1800000| 99%| O|  |TAMS 0x00000000c17ffff0, 0x00000000c1700000| Untracked 
|  24|0x00000000c1800000, 0x00000000c1900000, 0x00000000c1900000|100%| O|  |TAMS 0x00000000c1900000, 0x00000000c1800000| Untracked 
|  25|0x00000000c1900000, 0x00000000c19fd180, 0x00000000c1a00000| 98%| O|  |TAMS 0x00000000c19fd180, 0x00000000c1900000| Untracked 
|  26|0x00000000c1a00000, 0x00000000c1afbc58, 0x00000000c1b00000| 98%| O|  |TAMS 0x00000000c1afbc58, 0x00000000c1a00000| Untracked 
|  27|0x00000000c1b00000, 0x00000000c1c00000, 0x00000000c1c00000|100%| O|  |TAMS 0x00000000c1c00000, 0x00000000c1b00000| Untracked 
|  28|0x00000000c1c00000, 0x00000000c1cfffc8, 0x00000000c1d00000| 99%| O|  |TAMS 0x00000000c1cfffc8, 0x00000000c1c00000| Untracked 
|  29|0x00000000c1d00000, 0x00000000c1dfffd8, 0x00000000c1e00000| 99%| O|  |TAMS 0x00000000c1dfffd8, 0x00000000c1d00000| Untracked 
|  30|0x00000000c1e00000, 0x00000000c1f00000, 0x00000000c1f00000|100%| O|  |TAMS 0x00000000c1f00000, 0x00000000c1e00000| Untracked 
|  31|0x00000000c1f00000, 0x00000000c2000000, 0x00000000c2000000|100%| O|  |TAMS 0x00000000c2000000, 0x00000000c1f00000| Untracked 
|  32|0x00000000c2000000, 0x00000000c20fff78, 0x00000000c2100000| 99%| O|  |TAMS 0x00000000c20fff78, 0x00000000c2000000| Untracked 
|  33|0x00000000c2100000, 0x00000000c2197350, 0x00000000c2200000| 59%| O|  |TAMS 0x00000000c2100000, 0x00000000c2100000| Untracked 
|  34|0x00000000c2200000, 0x00000000c226b080, 0x00000000c2300000| 41%| O|  |TAMS 0x00000000c2200000, 0x00000000c2200000| Untracked 
|  35|0x00000000c2300000, 0x00000000c2300000, 0x00000000c2400000|  0%| F|  |TAMS 0x00000000c2300000, 0x00000000c2300000| Untracked 
|  36|0x00000000c2400000, 0x00000000c2400000, 0x00000000c2500000|  0%| F|  |TAMS 0x00000000c2400000, 0x00000000c2400000| Untracked 
|  37|0x00000000c2500000, 0x00000000c2500000, 0x00000000c2600000|  0%| F|  |TAMS 0x00000000c2500000, 0x00000000c2500000| Untracked 
|  38|0x00000000c2600000, 0x00000000c2700000, 0x00000000c2700000|100%| O|  |TAMS 0x00000000c2700000, 0x00000000c2600000| Untracked 
|  39|0x00000000c2700000, 0x00000000c2700000, 0x00000000c2800000|  0%| F|  |TAMS 0x00000000c2700000, 0x00000000c2700000| Untracked 
|  40|0x00000000c2800000, 0x00000000c2800000, 0x00000000c2900000|  0%| F|  |TAMS 0x00000000c2800000, 0x00000000c2800000| Untracked 
|  41|0x00000000c2900000, 0x00000000c2900000, 0x00000000c2a00000|  0%| F|  |TAMS 0x00000000c2900000, 0x00000000c2900000| Untracked 
|  42|0x00000000c2a00000, 0x00000000c2a00000, 0x00000000c2b00000|  0%| F|  |TAMS 0x00000000c2a00000, 0x00000000c2a00000| Untracked 
|  43|0x00000000c2b00000, 0x00000000c2b00000, 0x00000000c2c00000|  0%| F|  |TAMS 0x00000000c2b00000, 0x00000000c2b00000| Untracked 
|  44|0x00000000c2c00000, 0x00000000c2c00000, 0x00000000c2d00000|  0%| F|  |TAMS 0x00000000c2c00000, 0x00000000c2c00000| Untracked 
|  45|0x00000000c2d00000, 0x00000000c2d00000, 0x00000000c2e00000|  0%| F|  |TAMS 0x00000000c2d00000, 0x00000000c2d00000| Untracked 
|  46|0x00000000c2e00000, 0x00000000c2e00000, 0x00000000c2f00000|  0%| F|  |TAMS 0x00000000c2e00000, 0x00000000c2e00000| Untracked 
|  47|0x00000000c2f00000, 0x00000000c2f00000, 0x00000000c3000000|  0%| F|  |TAMS 0x00000000c2f00000, 0x00000000c2f00000| Untracked 
|  48|0x00000000c3000000, 0x00000000c3000000, 0x00000000c3100000|  0%| F|  |TAMS 0x00000000c3000000, 0x00000000c3000000| Untracked 
|  49|0x00000000c3100000, 0x00000000c3100000, 0x00000000c3200000|  0%| F|  |TAMS 0x00000000c3100000, 0x00000000c3100000| Untracked 
|  50|0x00000000c3200000, 0x00000000c3200000, 0x00000000c3300000|  0%| F|  |TAMS 0x00000000c3200000, 0x00000000c3200000| Untracked 
|  51|0x00000000c3300000, 0x00000000c3300000, 0x00000000c3400000|  0%| F|  |TAMS 0x00000000c3300000, 0x00000000c3300000| Untracked 
|  52|0x00000000c3400000, 0x00000000c3400000, 0x00000000c3500000|  0%| F|  |TAMS 0x00000000c3400000, 0x00000000c3400000| Untracked 
|  53|0x00000000c3500000, 0x00000000c3500000, 0x00000000c3600000|  0%| F|  |TAMS 0x00000000c3500000, 0x00000000c3500000| Untracked 
|  54|0x00000000c3600000, 0x00000000c3600000, 0x00000000c3700000|  0%| F|  |TAMS 0x00000000c3600000, 0x00000000c3600000| Untracked 
|  55|0x00000000c3700000, 0x00000000c3700000, 0x00000000c3800000|  0%| F|  |TAMS 0x00000000c3700000, 0x00000000c3700000| Untracked 
|  56|0x00000000c3800000, 0x00000000c3800000, 0x00000000c3900000|  0%| F|  |TAMS 0x00000000c3800000, 0x00000000c3800000| Untracked 
|  57|0x00000000c3900000, 0x00000000c3900000, 0x00000000c3a00000|  0%| F|  |TAMS 0x00000000c3900000, 0x00000000c3900000| Untracked 
|  58|0x00000000c3a00000, 0x00000000c3a00000, 0x00000000c3b00000|  0%| F|  |TAMS 0x00000000c3a00000, 0x00000000c3a00000| Untracked 
|  59|0x00000000c3b00000, 0x00000000c3b00000, 0x00000000c3c00000|  0%| F|  |TAMS 0x00000000c3b00000, 0x00000000c3b00000| Untracked 
|  60|0x00000000c3c00000, 0x00000000c3c00000, 0x00000000c3d00000|  0%| F|  |TAMS 0x00000000c3c00000, 0x00000000c3c00000| Untracked 
|  61|0x00000000c3d00000, 0x00000000c3d00000, 0x00000000c3e00000|  0%| F|  |TAMS 0x00000000c3d00000, 0x00000000c3d00000| Untracked 
|  62|0x00000000c3e00000, 0x00000000c3e00000, 0x00000000c3f00000|  0%| F|  |TAMS 0x00000000c3e00000, 0x00000000c3e00000| Untracked 
|  63|0x00000000c3f00000, 0x00000000c3f00000, 0x00000000c4000000|  0%| F|  |TAMS 0x00000000c3f00000, 0x00000000c3f00000| Untracked 
|  64|0x00000000c4000000, 0x00000000c4000000, 0x00000000c4100000|  0%| F|  |TAMS 0x00000000c4000000, 0x00000000c4000000| Untracked 
|  65|0x00000000c4100000, 0x00000000c4100000, 0x00000000c4200000|  0%| F|  |TAMS 0x00000000c4100000, 0x00000000c4100000| Untracked 
|  66|0x00000000c4200000, 0x00000000c4200000, 0x00000000c4300000|  0%| F|  |TAMS 0x00000000c4200000, 0x00000000c4200000| Untracked 
|  67|0x00000000c4300000, 0x00000000c4300000, 0x00000000c4400000|  0%| F|  |TAMS 0x00000000c4300000, 0x00000000c4300000| Untracked 
|  68|0x00000000c4400000, 0x00000000c4400000, 0x00000000c4500000|  0%| F|  |TAMS 0x00000000c4400000, 0x00000000c4400000| Untracked 
|  69|0x00000000c4500000, 0x00000000c4500000, 0x00000000c4600000|  0%| F|  |TAMS 0x00000000c4500000, 0x00000000c4500000| Untracked 
|  70|0x00000000c4600000, 0x00000000c4600000, 0x00000000c4700000|  0%| F|  |TAMS 0x00000000c4600000, 0x00000000c4600000| Untracked 
|  71|0x00000000c4700000, 0x00000000c4700000, 0x00000000c4800000|  0%| F|  |TAMS 0x00000000c4700000, 0x00000000c4700000| Untracked 
|  72|0x00000000c4800000, 0x00000000c4800000, 0x00000000c4900000|  0%| F|  |TAMS 0x00000000c4800000, 0x00000000c4800000| Untracked 
|  73|0x00000000c4900000, 0x00000000c4900000, 0x00000000c4a00000|  0%| F|  |TAMS 0x00000000c4900000, 0x00000000c4900000| Untracked 
|  74|0x00000000c4a00000, 0x00000000c4a00000, 0x00000000c4b00000|  0%| F|  |TAMS 0x00000000c4a00000, 0x00000000c4a00000| Untracked 
|  75|0x00000000c4b00000, 0x00000000c4b00000, 0x00000000c4c00000|  0%| F|  |TAMS 0x00000000c4b00000, 0x00000000c4b00000| Untracked 
|  76|0x00000000c4c00000, 0x00000000c4c00000, 0x00000000c4d00000|  0%| F|  |TAMS 0x00000000c4c00000, 0x00000000c4c00000| Untracked 
|  77|0x00000000c4d00000, 0x00000000c4d00000, 0x00000000c4e00000|  0%| F|  |TAMS 0x00000000c4d00000, 0x00000000c4d00000| Untracked 
|  78|0x00000000c4e00000, 0x00000000c4e00000, 0x00000000c4f00000|  0%| F|  |TAMS 0x00000000c4e00000, 0x00000000c4e00000| Untracked 
|  79|0x00000000c4f00000, 0x00000000c4f00000, 0x00000000c5000000|  0%| F|  |TAMS 0x00000000c4f00000, 0x00000000c4f00000| Untracked 
|  80|0x00000000c5000000, 0x00000000c5000000, 0x00000000c5100000|  0%| F|  |TAMS 0x00000000c5000000, 0x00000000c5000000| Untracked 
|  81|0x00000000c5100000, 0x00000000c5100000, 0x00000000c5200000|  0%| F|  |TAMS 0x00000000c5100000, 0x00000000c5100000| Untracked 
|  82|0x00000000c5200000, 0x00000000c5200000, 0x00000000c5300000|  0%| F|  |TAMS 0x00000000c5200000, 0x00000000c5200000| Untracked 
|  83|0x00000000c5300000, 0x00000000c5300000, 0x00000000c5400000|  0%| F|  |TAMS 0x00000000c5300000, 0x00000000c5300000| Untracked 
|  84|0x00000000c5400000, 0x00000000c5400000, 0x00000000c5500000|  0%| F|  |TAMS 0x00000000c5400000, 0x00000000c5400000| Untracked 
|  85|0x00000000c5500000, 0x00000000c5500000, 0x00000000c5600000|  0%| F|  |TAMS 0x00000000c5500000, 0x00000000c5500000| Untracked 
|  86|0x00000000c5600000, 0x00000000c5600000, 0x00000000c5700000|  0%| F|  |TAMS 0x00000000c5600000, 0x00000000c5600000| Untracked 
|  87|0x00000000c5700000, 0x00000000c5700000, 0x00000000c5800000|  0%| F|  |TAMS 0x00000000c5700000, 0x00000000c5700000| Untracked 
|  88|0x00000000c5800000, 0x00000000c5800000, 0x00000000c5900000|  0%| F|  |TAMS 0x00000000c5800000, 0x00000000c5800000| Untracked 
|  89|0x00000000c5900000, 0x00000000c5900000, 0x00000000c5a00000|  0%| F|  |TAMS 0x00000000c5900000, 0x00000000c5900000| Untracked 
|  90|0x00000000c5a00000, 0x00000000c5a00000, 0x00000000c5b00000|  0%| F|  |TAMS 0x00000000c5a00000, 0x00000000c5a00000| Untracked 
|  91|0x00000000c5b00000, 0x00000000c5b00000, 0x00000000c5c00000|  0%| F|  |TAMS 0x00000000c5b00000, 0x00000000c5b00000| Untracked 
|  92|0x00000000c5c00000, 0x00000000c5c00000, 0x00000000c5d00000|  0%| F|  |TAMS 0x00000000c5c00000, 0x00000000c5c00000| Untracked 
|  93|0x00000000c5d00000, 0x00000000c5d00000, 0x00000000c5e00000|  0%| F|  |TAMS 0x00000000c5d00000, 0x00000000c5d00000| Untracked 
|  94|0x00000000c5e00000, 0x00000000c5e00000, 0x00000000c5f00000|  0%| F|  |TAMS 0x00000000c5e00000, 0x00000000c5e00000| Untracked 
|  95|0x00000000c5f00000, 0x00000000c5f00000, 0x00000000c6000000|  0%| F|  |TAMS 0x00000000c5f00000, 0x00000000c5f00000| Untracked 
|  96|0x00000000c6000000, 0x00000000c6000000, 0x00000000c6100000|  0%| F|  |TAMS 0x00000000c6000000, 0x00000000c6000000| Untracked 
|  97|0x00000000c6100000, 0x00000000c6100000, 0x00000000c6200000|  0%| F|  |TAMS 0x00000000c6100000, 0x00000000c6100000| Untracked 
|  98|0x00000000c6200000, 0x00000000c6200000, 0x00000000c6300000|  0%| F|  |TAMS 0x00000000c6200000, 0x00000000c6200000| Untracked 
|  99|0x00000000c6300000, 0x00000000c6300000, 0x00000000c6400000|  0%| F|  |TAMS 0x00000000c6300000, 0x00000000c6300000| Untracked 
| 100|0x00000000c6400000, 0x00000000c6400000, 0x00000000c6500000|  0%| F|  |TAMS 0x00000000c6400000, 0x00000000c6400000| Untracked 
| 101|0x00000000c6500000, 0x00000000c6500000, 0x00000000c6600000|  0%| F|  |TAMS 0x00000000c6500000, 0x00000000c6500000| Untracked 
| 102|0x00000000c6600000, 0x00000000c6600000, 0x00000000c6700000|  0%| F|  |TAMS 0x00000000c6600000, 0x00000000c6600000| Untracked 
| 103|0x00000000c6700000, 0x00000000c6700000, 0x00000000c6800000|  0%| F|  |TAMS 0x00000000c6700000, 0x00000000c6700000| Untracked 
| 104|0x00000000c6800000, 0x00000000c6800000, 0x00000000c6900000|  0%| F|  |TAMS 0x00000000c6800000, 0x00000000c6800000| Untracked 
| 105|0x00000000c6900000, 0x00000000c6900000, 0x00000000c6a00000|  0%| F|  |TAMS 0x00000000c6900000, 0x00000000c6900000| Untracked 
| 106|0x00000000c6a00000, 0x00000000c6a00000, 0x00000000c6b00000|  0%| F|  |TAMS 0x00000000c6a00000, 0x00000000c6a00000| Untracked 
| 107|0x00000000c6b00000, 0x00000000c6b00000, 0x00000000c6c00000|  0%| F|  |TAMS 0x00000000c6b00000, 0x00000000c6b00000| Untracked 
| 108|0x00000000c6c00000, 0x00000000c6c00000, 0x00000000c6d00000|  0%| F|  |TAMS 0x00000000c6c00000, 0x00000000c6c00000| Untracked 
| 109|0x00000000c6d00000, 0x00000000c6d00000, 0x00000000c6e00000|  0%| F|  |TAMS 0x00000000c6d00000, 0x00000000c6d00000| Untracked 
| 124|0x00000000c7c00000, 0x00000000c7c00000, 0x00000000c7d00000|  0%| F|  |TAMS 0x00000000c7c00000, 0x00000000c7c00000| Untracked 
| 125|0x00000000c7d00000, 0x00000000c7d058a8, 0x00000000c7e00000|  2%| E|  |TAMS 0x00000000c7d00000, 0x00000000c7d00000| Complete 

Card table byte_map: [0x00000258e84a0000,0x00000258e86a0000] _byte_map_base: 0x00000258e7ea0000

Marking Bits (Prev, Next): (CMBitMap*) 0x00000258e25476a0, (CMBitMap*) 0x00000258e2547660
 Prev Bits: [0x00000258e98a0000, 0x00000258ea8a0000)
 Next Bits: [0x00000258e88a0000, 0x00000258e98a0000)

Polling page: 0x00000258e04d0000

Metaspace:

Usage:
  Non-class:     51.57 MB used.
      Class:      7.38 MB used.
       Both:     58.95 MB used.

Virtual space:
  Non-class space:       64.00 MB reserved,      51.81 MB ( 81%) committed,  1 nodes.
      Class space:        1.00 GB reserved,       7.62 MB ( <1%) committed,  1 nodes.
             Both:        1.06 GB reserved,      59.44 MB (  5%) committed. 

Chunk freelists:
   Non-Class:  12.18 MB
       Class:  8.42 MB
        Both:  20.60 MB

MaxMetaspaceSize: unlimited
CompressedClassSpaceSize: 1.00 GB
Initial GC threshold: 21.00 MB
Current GC threshold: 99.06 MB
CDS: off
MetaspaceReclaimPolicy: balanced
 - commit_granule_bytes: 65536.
 - commit_granule_words: 8192.
 - virtual_space_node_default_size: 8388608.
 - enlarge_chunks_in_place: 1.
 - new_chunks_are_fully_committed: 0.
 - uncommit_free_chunks: 1.
 - use_allocation_guard: 0.
 - handle_deallocations: 1.


Internal statistics:

num_allocs_failed_limit: 6.
num_arena_births: 844.
num_arena_deaths: 338.
num_vsnodes_births: 2.
num_vsnodes_deaths: 0.
num_space_committed: 951.
num_space_uncommitted: 0.
num_chunks_returned_to_freelist: 400.
num_chunks_taken_from_freelist: 2959.
num_chunk_merges: 138.
num_chunk_splits: 1927.
num_chunks_enlarged: 1401.
num_inconsistent_stats: 0.

CodeCache: size=49152Kb used=16506Kb max_used=17959Kb free=32645Kb
 bounds [0x00000258e5190000, 0x00000258e6360000, 0x00000258e8190000]
 total_blobs=9418 nmethods=8741 adapters=603
 compilation: enabled
              stopped_count=0, restarted_count=0
 full_count=0

Compilation events (20 events):
Event: 1655.069 Thread 0x00000258ed36e450 8733       1       org.eclipse.lsp4j.jsonrpc.json.adapters.EnumTypeAdapter::write (35 bytes)
Event: 1655.069 Thread 0x00000258ed36e450 nmethod 8733 0x00000258e6137610 code [0x00000258e61377e0, 0x00000258e6137988]
Event: 1829.899 Thread 0x00000258ed36e450 8734       1       org.springframework.ide.vscode.commons.languageserver.util.ParentProcessWatcher::isWindows (30 bytes)
Event: 1829.901 Thread 0x00000258ed36e450 nmethod 8734 0x00000258e6136e10 code [0x00000258e6137040, 0x00000258e61373c8]
Event: 1829.974 Thread 0x00000258ed36e450 8735   !   1       com.google.common.io.Closeables::close (37 bytes)
Event: 1830.006 Thread 0x00000258ed36e450 nmethod 8735 0x00000258e6136690 code [0x00000258e6136880, 0x00000258e6136c28]
Event: 1959.065 Thread 0x00000258ed36e450 8736       1       org.eclipse.lsp4j.WorkspaceSymbolParams::getQuery (5 bytes)
Event: 1959.066 Thread 0x00000258ed36e450 nmethod 8736 0x00000258e6136390 code [0x00000258e6136520, 0x00000258e61365f8]
Event: 2021.402 Thread 0x00000258ed36e450 8737   !   1       java.lang.ref.Reference::processPendingReferences (118 bytes)
Event: 2021.403 Thread 0x00000258ed36e450 nmethod 8737 0x00000258e6135790 code [0x00000258e61359e0, 0x00000258e6136038]
Event: 2061.689 Thread 0x00000258ed36e450 8738   !   1       java.lang.ProcessBuilder::start (430 bytes)
Event: 2061.691 Thread 0x00000258ed36e450 nmethod 8738 0x00000258e6133a10 code [0x00000258e6133da0, 0x00000258e6134da8]
Event: 2108.490 Thread 0x00000258ed36e450 8739       1       java.util.concurrent.ConcurrentLinkedDeque::first (65 bytes)
Event: 2108.490 Thread 0x00000258ed36e450 nmethod 8739 0x00000258e6133010 code [0x00000258e6133200, 0x00000258e61336f8]
Event: 2172.601 Thread 0x00000258ed36e450 8740       1       java.util.stream.FindOps$FindSink::accept (18 bytes)
Event: 2172.601 Thread 0x00000258ed36e450 nmethod 8740 0x00000258e6132d10 code [0x00000258e6132ea0, 0x00000258e6132fb8]
Event: 2172.608 Thread 0x00000258ed36e450 8742       1       java.nio.file.FileTreeIterator::fetchNextIfNeeded (65 bytes)
Event: 2172.609 Thread 0x00000258ed36e450 nmethod 8742 0x00000258e6132710 code [0x00000258e61328e0, 0x00000258e6132b68]
Event: 2172.609 Thread 0x00000258ed36e450 8741       1       java.nio.file.FileTreeWalker::isOpen (13 bytes)
Event: 2172.609 Thread 0x00000258ed36e450 nmethod 8741 0x00000258e6132410 code [0x00000258e61325a0, 0x00000258e6132678]

GC Heap History (20 events):
Event: 2092.065 GC heap before
{Heap before GC invocations=144 (full 105):
 garbage-first heap   total 114688K, used 35818K [0x00000000c0000000, 0x0000000100000000)
  region size 1024K, 1 young (1024K), 0 survivors (0K)
 Metaspace       used 60360K, committed 60864K, reserved 1114112K
  class space    used 7559K, committed 7808K, reserved 1048576K
}
Event: 2092.093 GC heap after
{Heap after GC invocations=145 (full 106):
 garbage-first heap   total 114688K, used 35818K [0x00000000c0000000, 0x0000000100000000)
  region size 1024K, 0 young (0K), 0 survivors (0K)
 Metaspace       used 60360K, committed 60864K, reserved 1114112K
  class space    used 7559K, committed 7808K, reserved 1048576K
}
Event: 2152.235 GC heap before
{Heap before GC invocations=145 (full 106):
 garbage-first heap   total 114688K, used 35818K [0x00000000c0000000, 0x0000000100000000)
  region size 1024K, 1 young (1024K), 0 survivors (0K)
 Metaspace       used 60360K, committed 60864K, reserved 1114112K
  class space    used 7559K, committed 7808K, reserved 1048576K
}
Event: 2152.278 GC heap after
{Heap after GC invocations=146 (full 107):
 garbage-first heap   total 114688K, used 35819K [0x00000000c0000000, 0x0000000100000000)
  region size 1024K, 0 young (0K), 0 survivors (0K)
 Metaspace       used 60360K, committed 60864K, reserved 1114112K
  class space    used 7559K, committed 7808K, reserved 1048576K
}
Event: 2162.358 GC heap before
{Heap before GC invocations=146 (full 107):
 garbage-first heap   total 114688K, used 35819K [0x00000000c0000000, 0x0000000100000000)
  region size 1024K, 1 young (1024K), 0 survivors (0K)
 Metaspace       used 60360K, committed 60864K, reserved 1114112K
  class space    used 7559K, committed 7808K, reserved 1048576K
}
Event: 2162.384 GC heap after
{Heap after GC invocations=147 (full 108):
 garbage-first heap   total 114688K, used 35819K [0x00000000c0000000, 0x0000000100000000)
  region size 1024K, 0 young (0K), 0 survivors (0K)
 Metaspace       used 60360K, committed 60864K, reserved 1114112K
  class space    used 7559K, committed 7808K, reserved 1048576K
}
Event: 2172.497 GC heap before
{Heap before GC invocations=147 (full 108):
 garbage-first heap   total 114688K, used 35819K [0x00000000c0000000, 0x0000000100000000)
  region size 1024K, 1 young (1024K), 0 survivors (0K)
 Metaspace       used 60360K, committed 60864K, reserved 1114112K
  class space    used 7559K, committed 7808K, reserved 1048576K
}
Event: 2172.532 GC heap after
{Heap after GC invocations=148 (full 109):
 garbage-first heap   total 114688K, used 35819K [0x00000000c0000000, 0x0000000100000000)
  region size 1024K, 0 young (0K), 0 survivors (0K)
 Metaspace       used 60360K, committed 60864K, reserved 1114112K
  class space    used 7559K, committed 7808K, reserved 1048576K
}
Event: 2212.664 GC heap before
{Heap before GC invocations=148 (full 109):
 garbage-first heap   total 114688K, used 35819K [0x00000000c0000000, 0x0000000100000000)
  region size 1024K, 1 young (1024K), 0 survivors (0K)
 Metaspace       used 60364K, committed 60864K, reserved 1114112K
  class space    used 7560K, committed 7808K, reserved 1048576K
}
Event: 2212.699 GC heap after
{Heap after GC invocations=149 (full 110):
 garbage-first heap   total 114688K, used 35820K [0x00000000c0000000, 0x0000000100000000)
  region size 1024K, 0 young (0K), 0 survivors (0K)
 Metaspace       used 60364K, committed 60864K, reserved 1114112K
  class space    used 7560K, committed 7808K, reserved 1048576K
}
Event: 2223.367 GC heap before
{Heap before GC invocations=149 (full 110):
 garbage-first heap   total 114688K, used 35820K [0x00000000c0000000, 0x0000000100000000)
  region size 1024K, 1 young (1024K), 0 survivors (0K)
 Metaspace       used 60364K, committed 60864K, reserved 1114112K
  class space    used 7560K, committed 7808K, reserved 1048576K
}
Event: 2223.419 GC heap after
{Heap after GC invocations=150 (full 111):
 garbage-first heap   total 114688K, used 35820K [0x00000000c0000000, 0x0000000100000000)
  region size 1024K, 0 young (0K), 0 survivors (0K)
 Metaspace       used 60364K, committed 60864K, reserved 1114112K
  class space    used 7560K, committed 7808K, reserved 1048576K
}
Event: 2233.499 GC heap before
{Heap before GC invocations=150 (full 111):
 garbage-first heap   total 114688K, used 35820K [0x00000000c0000000, 0x0000000100000000)
  region size 1024K, 1 young (1024K), 0 survivors (0K)
 Metaspace       used 60364K, committed 60864K, reserved 1114112K
  class space    used 7560K, committed 7808K, reserved 1048576K
}
Event: 2233.524 GC heap after
{Heap after GC invocations=151 (full 112):
 garbage-first heap   total 114688K, used 35820K [0x00000000c0000000, 0x0000000100000000)
  region size 1024K, 0 young (0K), 0 survivors (0K)
 Metaspace       used 60364K, committed 60864K, reserved 1114112K
  class space    used 7560K, committed 7808K, reserved 1048576K
}
Event: 2243.590 GC heap before
{Heap before GC invocations=151 (full 112):
 garbage-first heap   total 114688K, used 35820K [0x00000000c0000000, 0x0000000100000000)
  region size 1024K, 1 young (1024K), 0 survivors (0K)
 Metaspace       used 60364K, committed 60864K, reserved 1114112K
  class space    used 7560K, committed 7808K, reserved 1048576K
}
Event: 2243.616 GC heap after
{Heap after GC invocations=152 (full 113):
 garbage-first heap   total 114688K, used 35820K [0x00000000c0000000, 0x0000000100000000)
  region size 1024K, 0 young (0K), 0 survivors (0K)
 Metaspace       used 60364K, committed 60864K, reserved 1114112K
  class space    used 7560K, committed 7808K, reserved 1048576K
}
Event: 2253.720 GC heap before
{Heap before GC invocations=152 (full 113):
 garbage-first heap   total 114688K, used 35820K [0x00000000c0000000, 0x0000000100000000)
  region size 1024K, 1 young (1024K), 0 survivors (0K)
 Metaspace       used 60364K, committed 60864K, reserved 1114112K
  class space    used 7560K, committed 7808K, reserved 1048576K
}
Event: 2253.764 GC heap after
{Heap after GC invocations=153 (full 114):
 garbage-first heap   total 114688K, used 35820K [0x00000000c0000000, 0x0000000100000000)
  region size 1024K, 0 young (0K), 0 survivors (0K)
 Metaspace       used 60364K, committed 60864K, reserved 1114112K
  class space    used 7560K, committed 7808K, reserved 1048576K
}
Event: 2263.950 GC heap before
{Heap before GC invocations=153 (full 114):
 garbage-first heap   total 114688K, used 35820K [0x00000000c0000000, 0x0000000100000000)
  region size 1024K, 1 young (1024K), 0 survivors (0K)
 Metaspace       used 60364K, committed 60864K, reserved 1114112K
  class space    used 7560K, committed 7808K, reserved 1048576K
}
Event: 2264.003 GC heap after
{Heap after GC invocations=154 (full 115):
 garbage-first heap   total 114688K, used 35819K [0x00000000c0000000, 0x0000000100000000)
  region size 1024K, 0 young (0K), 0 survivors (0K)
 Metaspace       used 60364K, committed 60864K, reserved 1114112K
  class space    used 7560K, committed 7808K, reserved 1048576K
}

Dll operation events (10 events):
Event: 0.012 Loaded shared library c:\Users\Admin\.vscode\extensions\redhat.java-1.30.0-win32-x64\jre\17.0.10-win32-x86_64\bin\java.dll
Event: 0.699 Loaded shared library C:\Users\Admin\.vscode\extensions\redhat.java-1.30.0-win32-x64\jre\17.0.10-win32-x86_64\bin\net.dll
Event: 0.702 Loaded shared library C:\Users\Admin\.vscode\extensions\redhat.java-1.30.0-win32-x64\jre\17.0.10-win32-x86_64\bin\nio.dll
Event: 0.721 Loaded shared library C:\Users\Admin\.vscode\extensions\redhat.java-1.30.0-win32-x64\jre\17.0.10-win32-x86_64\bin\zip.dll
Event: 1.316 Loaded shared library C:\Users\Admin\.vscode\extensions\redhat.java-1.30.0-win32-x64\jre\17.0.10-win32-x86_64\bin\jimage.dll
Event: 5.170 Loaded shared library c:\Users\Admin\.vscode\extensions\redhat.java-1.30.0-win32-x64\jre\17.0.10-win32-x86_64\bin\verify.dll
Event: 8.582 Loaded shared library C:\Users\Admin\.vscode\extensions\redhat.java-1.30.0-win32-x64\jre\17.0.10-win32-x86_64\bin\management.dll
Event: 8.587 Loaded shared library C:\Users\Admin\.vscode\extensions\redhat.java-1.30.0-win32-x64\jre\17.0.10-win32-x86_64\bin\management_ext.dll
Event: 9.788 Loaded shared library C:\Users\Admin\.vscode\extensions\redhat.java-1.30.0-win32-x64\jre\17.0.10-win32-x86_64\bin\sunmscapi.dll
Event: 10.077 Loaded shared library C:\Users\Admin\.vscode\extensions\redhat.java-1.30.0-win32-x64\jre\17.0.10-win32-x86_64\bin\extnet.dll

Deoptimization events (20 events):
Event: 9.883 Thread 0x00000258f342e9e0 DEOPT PACKING pc=0x00000258e549918c sp=0x000000b31cbfae80
Event: 9.883 Thread 0x00000258f342e9e0 DEOPT UNPACKING pc=0x00000258e51eace3 sp=0x000000b31cbfa348 mode 0
Event: 55.760 Thread 0x00000258f3281040 DEOPT PACKING pc=0x00000258e5835654 sp=0x000000b31beff2b0
Event: 55.760 Thread 0x00000258f3281040 DEOPT UNPACKING pc=0x00000258e51eace3 sp=0x000000b31befe758 mode 0
Event: 79.332 Thread 0x00000258f2824260 DEOPT PACKING pc=0x00000258e5902224 sp=0x000000b31aefe6e0
Event: 79.332 Thread 0x00000258f2824260 DEOPT UNPACKING pc=0x00000258e51eace3 sp=0x000000b31aefdbc8 mode 0
Event: 79.332 Thread 0x00000258f2824260 DEOPT PACKING pc=0x00000258e5902224 sp=0x000000b31aefecb0
Event: 79.332 Thread 0x00000258f2824260 DEOPT UNPACKING pc=0x00000258e51eace3 sp=0x000000b31aefe198 mode 0
Event: 79.335 Thread 0x00000258f3430840 DEOPT PACKING pc=0x00000258e5902224 sp=0x000000b31c7ff0a0
Event: 79.335 Thread 0x00000258f3430840 DEOPT UNPACKING pc=0x00000258e51eace3 sp=0x000000b31c7fe588 mode 0
Event: 145.159 Thread 0x00000258f342dfc0 DEOPT PACKING pc=0x00000258e5ad258c sp=0x000000b31c4fe410
Event: 145.159 Thread 0x00000258f342dfc0 DEOPT UNPACKING pc=0x00000258e51eace3 sp=0x000000b31c4fd990 mode 0
Event: 145.159 Thread 0x00000258f342dfc0 DEOPT PACKING pc=0x00000258e5ad258c sp=0x000000b31c4fe670
Event: 145.159 Thread 0x00000258f342dfc0 DEOPT UNPACKING pc=0x00000258e51eace3 sp=0x000000b31c4fdbf0 mode 0
Event: 145.161 Thread 0x00000258f342dfc0 DEOPT PACKING pc=0x00000258e5ad258c sp=0x000000b31c4feaf0
Event: 145.161 Thread 0x00000258f342dfc0 DEOPT UNPACKING pc=0x00000258e51eace3 sp=0x000000b31c4fe070 mode 0
Event: 196.113 Thread 0x00000258f2820ab0 DEOPT PACKING pc=0x00000258e5d44f34 sp=0x000000b31c0febd0
Event: 196.113 Thread 0x00000258f2820ab0 DEOPT UNPACKING pc=0x00000258e51eace3 sp=0x000000b31c0fe120 mode 0
Event: 262.168 Thread 0x00000258f2820ab0 DEOPT PACKING pc=0x00000258e5cfa9a6 sp=0x000000b31c0fe4f0
Event: 262.168 Thread 0x00000258f2820ab0 DEOPT UNPACKING pc=0x00000258e51eace3 sp=0x000000b31c0fda78 mode 0

Classes unloaded (20 events):
Event: 769.979 Thread 0x00000258ed32d2a0 Unloading class 0x0000000100797000 'java/lang/invoke/LambdaForm$MH+0x0000000100797000'
Event: 769.979 Thread 0x00000258ed32d2a0 Unloading class 0x0000000100796c00 'java/lang/invoke/LambdaForm$MH+0x0000000100796c00'
Event: 769.979 Thread 0x00000258ed32d2a0 Unloading class 0x0000000100796800 'java/lang/invoke/LambdaForm$MH+0x0000000100796800'
Event: 769.979 Thread 0x00000258ed32d2a0 Unloading class 0x0000000100796400 'java/lang/invoke/LambdaForm$MH+0x0000000100796400'
Event: 769.979 Thread 0x00000258ed32d2a0 Unloading class 0x0000000100796000 'java/lang/invoke/LambdaForm$MH+0x0000000100796000'
Event: 769.979 Thread 0x00000258ed32d2a0 Unloading class 0x0000000100795c00 'java/lang/invoke/LambdaForm$MH+0x0000000100795c00'
Event: 769.979 Thread 0x00000258ed32d2a0 Unloading class 0x0000000100795400 'java/lang/invoke/LambdaForm$MH+0x0000000100795400'
Event: 769.979 Thread 0x00000258ed32d2a0 Unloading class 0x0000000100795000 'java/lang/invoke/LambdaForm$MH+0x0000000100795000'
Event: 769.979 Thread 0x00000258ed32d2a0 Unloading class 0x0000000100794c00 'java/lang/invoke/LambdaForm$MH+0x0000000100794c00'
Event: 769.979 Thread 0x00000258ed32d2a0 Unloading class 0x0000000100794800 'java/lang/invoke/LambdaForm$MH+0x0000000100794800'
Event: 769.979 Thread 0x00000258ed32d2a0 Unloading class 0x0000000100794400 'java/lang/invoke/LambdaForm$MH+0x0000000100794400'
Event: 769.979 Thread 0x00000258ed32d2a0 Unloading class 0x0000000100794000 'java/lang/invoke/LambdaForm$MH+0x0000000100794000'
Event: 769.979 Thread 0x00000258ed32d2a0 Unloading class 0x000000010071c800 'jdk/internal/reflect/GeneratedMethodAccessor29'
Event: 769.979 Thread 0x00000258ed32d2a0 Unloading class 0x000000010071c400 'jdk/internal/reflect/GeneratedConstructorAccessor59'
Event: 769.979 Thread 0x00000258ed32d2a0 Unloading class 0x000000010071c000 'jdk/internal/reflect/GeneratedMethodAccessor28'
Event: 769.979 Thread 0x00000258ed32d2a0 Unloading class 0x000000010075ec00 'jdk/internal/reflect/GeneratedConstructorAccessor58'
Event: 769.979 Thread 0x00000258ed32d2a0 Unloading class 0x000000010075e800 'jdk/internal/reflect/GeneratedMethodAccessor27'
Event: 769.979 Thread 0x00000258ed32d2a0 Unloading class 0x000000010075e400 'jdk/internal/reflect/GeneratedMethodAccessor26'
Event: 769.979 Thread 0x00000258ed32d2a0 Unloading class 0x000000010075e000 'jdk/internal/reflect/GeneratedMethodAccessor25'
Event: 769.979 Thread 0x00000258ed32d2a0 Unloading class 0x0000000100408000 'java/lang/invoke/LambdaForm$MH+0x0000000100408000'

Classes redefined (0 events):
No events

Internal exceptions (20 events):
Event: 9.780 Thread 0x00000258f342d5a0 Exception <a 'sun/nio/fs/WindowsException'{0x00000000c3ca93f0}> (0x00000000c3ca93f0) 
thrown [s\src\hotspot\share\prims\jni.cpp, line 516]
Event: 9.781 Thread 0x00000258f342d5a0 Exception <a 'sun/nio/fs/WindowsException'{0x00000000c3ca9b08}> (0x00000000c3ca9b08) 
thrown [s\src\hotspot\share\prims\jni.cpp, line 516]
Event: 9.781 Thread 0x00000258f342d5a0 Exception <a 'sun/nio/fs/WindowsException'{0x00000000c3ca9e98}> (0x00000000c3ca9e98) 
thrown [s\src\hotspot\share\prims\jni.cpp, line 516]
Event: 9.781 Thread 0x00000258f342d5a0 Exception <a 'sun/nio/fs/WindowsException'{0x00000000c3caadd8}> (0x00000000c3caadd8) 
thrown [s\src\hotspot\share\prims\jni.cpp, line 516]
Event: 9.781 Thread 0x00000258f342d5a0 Exception <a 'sun/nio/fs/WindowsException'{0x00000000c3cab1b0}> (0x00000000c3cab1b0) 
thrown [s\src\hotspot\share\prims\jni.cpp, line 516]
Event: 9.878 Thread 0x00000258f342e9e0 Exception <a 'sun/nio/fs/WindowsException'{0x00000000c32c7780}> (0x00000000c32c7780) 
thrown [s\src\hotspot\share\prims\jni.cpp, line 516]
Event: 48.592 Thread 0x00000258f3267040 Exception <a 'java/lang/NoSuchMethodError'{0x00000000c38dc690}: 'void java.lang.invoke.DirectMethodHandle$Holder.invokeStatic(java.lang.Object, long)'> (0x00000000c38dc690) 
thrown [s\src\hotspot\share\interpreter\linkResolver.cpp, line 759]
Event: 48.593 Thread 0x00000258f3267040 Exception <a 'java/lang/NoSuchMethodError'{0x00000000c38e1a38}: 'java.lang.Object java.lang.invoke.DirectMethodHandle$Holder.newInvokeSpecial(java.lang.Object, long)'> (0x00000000c38e1a38) 
thrown [s\src\hotspot\share\interpreter\linkResolver.cpp, line 759]
Event: 78.289 Thread 0x00000258f342d5a0 Exception <a 'java/lang/NoSuchMethodError'{0x00000000c4093da0}: 'java.lang.Object java.lang.invoke.DirectMethodHandle$Holder.newInvokeSpecial(java.lang.Object, java.lang.Object, java.lang.Object, java.lang.Object, java.lang.Object, long)'> (0x00000000c4093da0) 
thrown [s\src\hotspot\share\interpreter\linkResolver.cpp, line 759]
Event: 78.290 Thread 0x00000258f342d5a0 Exception <a 'java/lang/NoSuchMethodError'{0x00000000c4098410}: 'java.lang.Object java.lang.invoke.DirectMethodHandle$Holder.invokeSpecial(java.lang.Object, java.lang.Object, java.lang.Object, java.lang.Object, java.lang.Object, java.lang.Object, long)'> (0x00000000c4098410) 
thrown [s\src\hotspot\share\interpreter\linkResolver.cpp, line 759]
Event: 78.464 Thread 0x00000258f2820ab0 Exception <a 'java/lang/NoSuchMethodError'{0x00000000c3bcd250}: 'java.lang.Object java.lang.invoke.Invokers$Holder.invoke_MT(java.lang.Object, java.lang.Object, java.lang.Object)'> (0x00000000c3bcd250) 
thrown [s\src\hotspot\share\interpreter\linkResolver.cpp, line 759]
Event: 79.017 Thread 0x00000258f2820ab0 Exception <a 'java/lang/IncompatibleClassChangeError'{0x00000000c3a5bd08}: Found class java.lang.Object, but interface was expected> (0x00000000c3a5bd08) 
thrown [s\src\hotspot\share\interpreter\linkResolver.cpp, line 826]
Event: 79.072 Thread 0x00000258f2820ab0 Exception <a 'java/lang/NoSuchMethodError'{0x00000000c57046d0}: 'int java.lang.invoke.DirectMethodHandle$Holder.invokeSpecialIFC(java.lang.Object, java.lang.Object, java.lang.Object)'> (0x00000000c57046d0) 
thrown [s\src\hotspot\share\interpreter\linkResolver.cpp, line 759]
Event: 182.641 Thread 0x00000258f3430840 Exception <a 'java/lang/NoSuchMethodError'{0x00000000c52f5000}: 'java.lang.Object java.lang.invoke.DirectMethodHandle$Holder.newInvokeSpecial(java.lang.Object, java.lang.Object, int, java.lang.Object)'> (0x00000000c52f5000) 
thrown [s\src\hotspot\share\interpreter\linkResolver.cpp, line 759]
Event: 182.641 Thread 0x00000258f3430840 Exception <a 'java/lang/NoSuchMethodError'{0x00000000c52f8920}: 'java.lang.Object java.lang.invoke.Invokers$Holder.linkToTargetMethod(java.lang.Object, int, java.lang.Object, java.lang.Object)'> (0x00000000c52f8920) 
thrown [s\src\hotspot\share\interpreter\linkResolver.cpp, line 759]
Event: 312.336 Thread 0x00000258f28205a0 Exception <a 'java/io/IOException'{0x00000000c5156a78}> (0x00000000c5156a78) 
thrown [s\src\hotspot\share\prims\jni.cpp, line 516]
Event: 312.649 Thread 0x00000258f2820fc0 Exception <a 'java/io/IOException'{0x00000000c51bffa0}> (0x00000000c51bffa0) 
thrown [s\src\hotspot\share\prims\jni.cpp, line 516]
Event: 313.733 Thread 0x00000258f2823840 Exception <a 'java/io/IOException'{0x00000000c4ff2f68}> (0x00000000c4ff2f68) 
thrown [s\src\hotspot\share\prims\jni.cpp, line 516]
Event: 2172.606 Thread 0x00000258f2f80000 Exception <a 'sun/nio/fs/WindowsException'{0x00000000c7d2c000}> (0x00000000c7d2c000) 
thrown [s\src\hotspot\share\prims\jni.cpp, line 516]
Event: 2172.606 Thread 0x00000258f2f80000 Exception <a 'sun/nio/fs/WindowsException'{0x00000000c7d2c678}> (0x00000000c7d2c678) 
thrown [s\src\hotspot\share\prims\jni.cpp, line 516]

VM Operations (20 events):
Event: 2152.279 Executing VM operation: G1CollectFull done
Event: 2162.358 Executing VM operation: G1CollectFull
Event: 2162.384 Executing VM operation: G1CollectFull done
Event: 2172.496 Executing VM operation: G1CollectFull
Event: 2172.533 Executing VM operation: G1CollectFull done
Event: 2173.533 Executing VM operation: Cleanup
Event: 2173.533 Executing VM operation: Cleanup done
Event: 2212.664 Executing VM operation: G1CollectFull
Event: 2212.699 Executing VM operation: G1CollectFull done
Event: 2223.367 Executing VM operation: G1CollectFull
Event: 2223.419 Executing VM operation: G1CollectFull done
Event: 2233.499 Executing VM operation: G1CollectFull
Event: 2233.525 Executing VM operation: G1CollectFull done
Event: 2243.590 Executing VM operation: G1CollectFull
Event: 2243.616 Executing VM operation: G1CollectFull done
Event: 2253.720 Executing VM operation: G1CollectFull
Event: 2253.764 Executing VM operation: G1CollectFull done
Event: 2263.950 Executing VM operation: G1CollectFull
Event: 2264.003 Executing VM operation: G1CollectFull done
Event: 2274.180 Executing VM operation: G1CollectFull

Events (20 events):
Event: 1261.412 Thread 0x00000258f2824770 Thread added: 0x00000258f2824770
Event: 1261.412 Thread 0x00000258f2827500 Thread added: 0x00000258f2827500
Event: 1261.413 Thread 0x00000258f2821ef0 Thread added: 0x00000258f2821ef0
Event: 1289.852 Thread 0x00000258f28205a0 Thread added: 0x00000258f28205a0
Event: 1350.299 Thread 0x00000258f28205a0 Thread exited: 0x00000258f28205a0
Event: 1362.866 Thread 0x00000258f2821ef0 Thread exited: 0x00000258f2821ef0
Event: 1365.562 Thread 0x00000258f2824770 Thread exited: 0x00000258f2824770
Event: 1369.230 Thread 0x00000258f2827500 Thread exited: 0x00000258f2827500
Event: 1591.022 Thread 0x00000258f2822400 Thread added: 0x00000258f2822400
Event: 1591.025 Thread 0x00000258f2821ef0 Thread added: 0x00000258f2821ef0
Event: 1651.040 Thread 0x00000258f2821ef0 Thread exited: 0x00000258f2821ef0
Event: 1651.040 Thread 0x00000258f2822400 Thread exited: 0x00000258f2822400
Event: 1655.067 Thread 0x00000258f2824260 Thread added: 0x00000258f2824260
Event: 1715.071 Thread 0x00000258f2824260 Thread exited: 0x00000258f2824260
Event: 1848.569 Thread 0x00000258f28205a0 Thread added: 0x00000258f28205a0
Event: 1908.581 Thread 0x00000258f28205a0 Thread exited: 0x00000258f28205a0
Event: 1959.064 Thread 0x00000258f2827500 Thread added: 0x00000258f2827500
Event: 2019.072 Thread 0x00000258f2827500 Thread exited: 0x00000258f2827500
Event: 2093.691 Thread 0x00000258f2827500 Thread added: 0x00000258f2827500
Event: 2176.265 Thread 0x00000258f2827500 Thread exited: 0x00000258f2827500


Dynamic libraries:
0x00007ff78b220000 - 0x00007ff78b22e000 	c:\Users\Admin\.vscode\extensions\redhat.java-1.30.0-win32-x64\jre\17.0.10-win32-x86_64\bin\java.exe
0x00007ffab2030000 - 0x00007ffab2246000 	C:\WINDOWS\SYSTEM32\ntdll.dll
0x00007ffab0d40000 - 0x00007ffab0e04000 	C:\WINDOWS\System32\KERNEL32.DLL
0x00007ffaaf5f0000 - 0x00007ffaaf997000 	C:\WINDOWS\System32\KERNELBASE.dll
0x00007ffaafaa0000 - 0x00007ffaafbb1000 	C:\WINDOWS\System32\ucrtbase.dll
0x00007ffa93030000 - 0x00007ffa93047000 	c:\Users\Admin\.vscode\extensions\redhat.java-1.30.0-win32-x64\jre\17.0.10-win32-x86_64\bin\jli.dll
0x00007ffa928b0000 - 0x00007ffa928cb000 	c:\Users\Admin\.vscode\extensions\redhat.java-1.30.0-win32-x64\jre\17.0.10-win32-x86_64\bin\VCRUNTIME140.dll
0x00007ffab1300000 - 0x00007ffab14ae000 	C:\WINDOWS\System32\USER32.dll
0x00007ffaafa40000 - 0x00007ffaafa66000 	C:\WINDOWS\System32\win32u.dll
0x00007ffab1f60000 - 0x00007ffab1f89000 	C:\WINDOWS\System32\GDI32.dll
0x00007ffa92d40000 - 0x00007ffa92fd3000 	C:\WINDOWS\WinSxS\amd64_microsoft.windows.common-controls_6595b64144ccf1df_6.0.22621.3235_none_270f74e173860f98\COMCTL32.dll
0x00007ffaafbc0000 - 0x00007ffaafcd9000 	C:\WINDOWS\System32\gdi32full.dll
0x00007ffab0f40000 - 0x00007ffab0fe7000 	C:\WINDOWS\System32\msvcrt.dll
0x00007ffaaf9a0000 - 0x00007ffaafa3a000 	C:\WINDOWS\System32\msvcp_win.dll
0x00007ffab0ba0000 - 0x00007ffab0bd1000 	C:\WINDOWS\System32\IMM32.DLL
0x00007ffaa94e0000 - 0x00007ffaa94ec000 	c:\Users\Admin\.vscode\extensions\redhat.java-1.30.0-win32-x64\jre\17.0.10-win32-x86_64\bin\vcruntime140_1.dll
0x00007ffa85490000 - 0x00007ffa8551d000 	c:\Users\Admin\.vscode\extensions\redhat.java-1.30.0-win32-x64\jre\17.0.10-win32-x86_64\bin\msvcp140.dll
0x00007ffa008b0000 - 0x00007ffa01512000 	c:\Users\Admin\.vscode\extensions\redhat.java-1.30.0-win32-x64\jre\17.0.10-win32-x86_64\bin\server\jvm.dll
0x00007ffab1da0000 - 0x00007ffab1e52000 	C:\WINDOWS\System32\ADVAPI32.dll
0x00007ffab0e90000 - 0x00007ffab0f38000 	C:\WINDOWS\System32\sechost.dll
0x00007ffaafa70000 - 0x00007ffaafa98000 	C:\WINDOWS\System32\bcrypt.dll
0x00007ffab0ff0000 - 0x00007ffab1105000 	C:\WINDOWS\System32\RPCRT4.dll
0x00007ffaaec00000 - 0x00007ffaaec4d000 	C:\WINDOWS\SYSTEM32\POWRPROF.dll
0x00007ffa904d0000 - 0x00007ffa904d9000 	C:\WINDOWS\SYSTEM32\WSOCK32.dll
0x00007ffab0460000 - 0x00007ffab04d1000 	C:\WINDOWS\System32\WS2_32.dll
0x00007ffaa7760000 - 0x00007ffaa7794000 	C:\WINDOWS\SYSTEM32\WINMM.dll
0x00007ffaa6080000 - 0x00007ffaa608a000 	C:\WINDOWS\SYSTEM32\VERSION.dll
0x00007ffaaebe0000 - 0x00007ffaaebf3000 	C:\WINDOWS\SYSTEM32\UMPDC.dll
0x00007ffaae390000 - 0x00007ffaae3a8000 	C:\WINDOWS\SYSTEM32\kernel.appcore.dll
0x00007ffa990e0000 - 0x00007ffa990ea000 	c:\Users\Admin\.vscode\extensions\redhat.java-1.30.0-win32-x64\jre\17.0.10-win32-x86_64\bin\jimage.dll
0x00007ffaacc90000 - 0x00007ffaacec3000 	C:\WINDOWS\SYSTEM32\DBGHELP.DLL
0x00007ffab00d0000 - 0x00007ffab0458000 	C:\WINDOWS\System32\combase.dll
0x00007ffab11a0000 - 0x00007ffab1277000 	C:\WINDOWS\System32\OLEAUT32.dll
0x00007ffa96390000 - 0x00007ffa963c2000 	C:\WINDOWS\SYSTEM32\dbgcore.DLL
0x00007ffaafce0000 - 0x00007ffaafd59000 	C:\WINDOWS\System32\bcryptPrimitives.dll
0x00007ffa84d80000 - 0x00007ffa84da5000 	c:\Users\Admin\.vscode\extensions\redhat.java-1.30.0-win32-x64\jre\17.0.10-win32-x86_64\bin\java.dll
0x00007ffa92860000 - 0x00007ffa92878000 	c:\Users\Admin\.vscode\extensions\redhat.java-1.30.0-win32-x64\jre\17.0.10-win32-x86_64\bin\zip.dll
0x00007ffab1540000 - 0x00007ffab1d9c000 	C:\WINDOWS\System32\SHELL32.dll
0x00007ffaad2b0000 - 0x00007ffaadba9000 	C:\WINDOWS\SYSTEM32\windows.storage.dll
0x00007ffaad170000 - 0x00007ffaad2ae000 	C:\WINDOWS\SYSTEM32\wintypes.dll
0x00007ffab0c40000 - 0x00007ffab0d33000 	C:\WINDOWS\System32\SHCORE.dll
0x00007ffab1f90000 - 0x00007ffab1fee000 	C:\WINDOWS\System32\shlwapi.dll
0x00007ffaaf280000 - 0x00007ffaaf2a1000 	C:\WINDOWS\SYSTEM32\profapi.dll
0x00007ffa8ba50000 - 0x00007ffa8ba69000 	C:\Users\Admin\.vscode\extensions\redhat.java-1.30.0-win32-x64\jre\17.0.10-win32-x86_64\bin\net.dll
0x00007ffaa9a40000 - 0x00007ffaa9b76000 	C:\WINDOWS\SYSTEM32\WINHTTP.dll
0x00007ffaae800000 - 0x00007ffaae869000 	C:\WINDOWS\system32\mswsock.dll
0x00007ffa8b390000 - 0x00007ffa8b3a6000 	C:\Users\Admin\.vscode\extensions\redhat.java-1.30.0-win32-x64\jre\17.0.10-win32-x86_64\bin\nio.dll
0x00007ffa976e0000 - 0x00007ffa976f0000 	c:\Users\Admin\.vscode\extensions\redhat.java-1.30.0-win32-x64\jre\17.0.10-win32-x86_64\bin\verify.dll
0x00007ffaaea70000 - 0x00007ffaaea8b000 	C:\WINDOWS\SYSTEM32\CRYPTSP.dll
0x00007ffaae2f0000 - 0x00007ffaae325000 	C:\WINDOWS\system32\rsaenh.dll
0x00007ffaae900000 - 0x00007ffaae928000 	C:\WINDOWS\SYSTEM32\USERENV.dll
0x00007ffaaea60000 - 0x00007ffaaea6c000 	C:\WINDOWS\SYSTEM32\CRYPTBASE.dll
0x00007ffaade00000 - 0x00007ffaade2d000 	C:\WINDOWS\SYSTEM32\IPHLPAPI.DLL
0x00007ffab1120000 - 0x00007ffab1129000 	C:\WINDOWS\System32\NSI.dll
0x00007ffaa75a0000 - 0x00007ffaa75b9000 	C:\WINDOWS\SYSTEM32\dhcpcsvc6.DLL
0x00007ffaa7460000 - 0x00007ffaa747f000 	C:\WINDOWS\SYSTEM32\dhcpcsvc.DLL
0x00007ffaade30000 - 0x00007ffaadf29000 	C:\WINDOWS\SYSTEM32\DNSAPI.dll
0x00007ffa8fd20000 - 0x00007ffa8fd29000 	C:\Users\Admin\.vscode\extensions\redhat.java-1.30.0-win32-x64\jre\17.0.10-win32-x86_64\bin\management.dll
0x00007ffa8ea10000 - 0x00007ffa8ea1b000 	C:\Users\Admin\.vscode\extensions\redhat.java-1.30.0-win32-x64\jre\17.0.10-win32-x86_64\bin\management_ext.dll
0x00007ffab12d0000 - 0x00007ffab12d8000 	C:\WINDOWS\System32\PSAPI.DLL
0x00007ffaaa830000 - 0x00007ffaaa83e000 	C:\Users\Admin\.vscode\extensions\redhat.java-1.30.0-win32-x64\jre\17.0.10-win32-x86_64\bin\sunmscapi.dll
0x00007ffaaf410000 - 0x00007ffaaf577000 	C:\WINDOWS\System32\CRYPT32.dll
0x00007ffaaecf0000 - 0x00007ffaaed1e000 	C:\WINDOWS\SYSTEM32\ncrypt.dll
0x00007ffaaecb0000 - 0x00007ffaaece7000 	C:\WINDOWS\SYSTEM32\NTASN1.dll
0x00007ffa9fef0000 - 0x00007ffa9fefa000 	C:\Windows\System32\rasadhlp.dll
0x00007ffaa0000000 - 0x00007ffaa0083000 	C:\WINDOWS\System32\fwpuclnt.dll
0x00007ffa928a0000 - 0x00007ffa928a9000 	C:\Users\Admin\.vscode\extensions\redhat.java-1.30.0-win32-x64\jre\17.0.10-win32-x86_64\bin\extnet.dll

dbghelp: loaded successfully - version: 4.0.5 - missing functions: none
symbol engine: initialized successfully - sym options: 0x614 - pdb path: .;c:\Users\Admin\.vscode\extensions\redhat.java-1.30.0-win32-x64\jre\17.0.10-win32-x86_64\bin;C:\WINDOWS\SYSTEM32;C:\WINDOWS\WinSxS\amd64_microsoft.windows.common-controls_6595b64144ccf1df_6.0.22621.3235_none_270f74e173860f98;c:\Users\Admin\.vscode\extensions\redhat.java-1.30.0-win32-x64\jre\17.0.10-win32-x86_64\bin\server

VM Arguments:
jvm_args: -Xmx1024m -Dsts.lsp.client=vscode -Dsts.log.file=/dev/null -XX:TieredStopAtLevel=1 -Xlog:jni+resolve=off -Dspring.config.location=file:c:\Users\Admin\.vscode\extensions\vmware.vscode-spring-boot-1.54.0\language-server\BOOT-INF\classes\application.properties 
java_command: org.springframework.ide.vscode.boot.app.BootLanguageServerBootApp
java_class_path (initial): c:\Users\Admin\.vscode\extensions\vmware.vscode-spring-boot-1.54.0\language-server\BOOT-INF\classes;c:\Users\Admin\.vscode\extensions\vmware.vscode-spring-boot-1.54.0\language-server\BOOT-INF\lib\annotations-24.1.0.jar;c:\Users\Admin\.vscode\extensions\vmware.vscode-spring-boot-1.54.0\language-server\BOOT-INF\lib\antlr4-runtime-4.13.1.jar;c:\Users\Admin\.vscode\extensions\vmware.vscode-spring-boot-1.54.0\language-server\BOOT-INF\lib\asm-9.7.jar;c:\Users\Admin\.vscode\extensions\vmware.vscode-spring-boot-1.54.0\language-server\BOOT-INF\lib\asm-analysis-9.7.jar;c:\Users\Admin\.vscode\extensions\vmware.vscode-spring-boot-1.54.0\language-server\BOOT-INF\lib\asm-tree-9.7.jar;c:\Users\Admin\.vscode\extensions\vmware.vscode-spring-boot-1.54.0\language-server\BOOT-INF\lib\asm-util-9.7.jar;c:\Users\Admin\.vscode\extensions\vmware.vscode-spring-boot-1.54.0\language-server\BOOT-INF\lib\caffeine-3.1.8.jar;c:\Users\Admin\.vscode\extensions\vmware.vscode-spring-boot-1.54.0\language-server\BOOT-INF\lib\checker-qual-3.12.0.jar;c:\Users\Admin\.vscode\extensions\vmware.vscode-spring-boot-1.54.0\language-server\BOOT-INF\lib\classgraph-4.8.149.jar;c:\Users\Admin\.vscode\extensions\vmware.vscode-spring-boot-1.54.0\language-server\BOOT-INF\lib\commons-codec-1.16.1.jar;c:\Users\Admin\.vscode\extensions\vmware.vscode-spring-boot-1.54.0\language-server\BOOT-INF\lib\commons-compress-1.26.1.jar;c:\Users\Admin\.vscode\extensions\vmware.vscode-spring-boot-1.54.0\language-server\BOOT-INF\lib\commons-io-2.4.jar;c:\Users\Admin\.vscode\extensions\vmware.vscode-spring-boot-1.54.0\language-server\BOOT-INF\lib\commons-java-1.54.0-SNAPSHOT.jar;c:\Users\Admin\.vscode\extensions\vmware.vscode-spring-boot-1.54.0\language-server\BOOT-INF\lib\commons-lang3-3.13.0.jar;c:\Users\Admin\.vscode\extensions\vmware.vscode-spring-boot-1.54.0\language-server\BOOT-INF\lib\commons-language-server-1.54.0-SNAPSHOT.jar;c:\Users\Admin\.vscode\extensions\vmware.vscode-spring-boot-1.54.0\language
Launcher Type: SUN_STANDARD

[Global flags]
     intx CICompilerCount                          = 4                                         {product} {ergonomic}
     uint ConcGCThreads                            = 2                                         {product} {ergonomic}
     uint G1ConcRefinementThreads                  = 8                                         {product} {ergonomic}
   size_t G1HeapRegionSize                         = 1048576                                   {product} {ergonomic}
    uintx GCDrainStackTargetSize                   = 64                                        {product} {ergonomic}
   size_t InitialHeapSize                          = 132120576                                 {product} {ergonomic}
   size_t MarkStackSize                            = 4194304                                   {product} {ergonomic}
   size_t MaxHeapSize                              = 1073741824                                {product} {command line}
   size_t MaxNewSize                               = 643825664                                 {product} {ergonomic}
   size_t MinHeapDeltaBytes                        = 1048576                                   {product} {ergonomic}
   size_t MinHeapSize                              = 8388608                                   {product} {ergonomic}
    uintx NonProfiledCodeHeapSize                  = 0                                      {pd product} {ergonomic}
     bool ProfileInterpreter                       = false                                  {pd product} {command line}
    uintx ProfiledCodeHeapSize                     = 0                                      {pd product} {ergonomic}
   size_t SoftMaxHeapSize                          = 1073741824                             {manageable} {ergonomic}
     intx TieredStopAtLevel                        = 1                                         {product} {command line}
     bool UseCompressedClassPointers               = true                           {product lp64_product} {ergonomic}
     bool UseCompressedOops                        = true                           {product lp64_product} {ergonomic}
     bool UseG1GC                                  = true                                      {product} {ergonomic}
     bool UseLargePagesIndividualAllocation        = false                                  {pd product} {ergonomic}

Logging:
Log output configuration:
 #0: stdout all=warning,jni+resolve=off uptime,level,tags
 #1: stderr all=off uptime,level,tags

Environment Variables:
JAVA_HOME=C:\Program Files\Java\jdk-17
PATH=C:\Program Files\Common Files\Oracle\Java\javapath;C:\Program Files (x86)\Common Files\Oracle\Java\javapath;C:\Program Files (x86)\VMware\VMware Workstation\bin\;C:\WINDOWS\system32;C:\WINDOWS;C:\WINDOWS\System32\Wbem;C:\WINDOWS\System32\WindowsPowerShell\v1.0\;C:\WINDOWS\System32\OpenSSH\;C:\Program Files (x86)\Microsoft SQL Server\160\Tools\Binn\;C:\Program Files\Microsoft SQL Server\160\Tools\Binn\;C:\Program Files\Microsoft SQL Server\Client SDK\ODBC\170\Tools\Binn\;C:\Program Files\Microsoft SQL Server\160\DTS\Binn\;C:\Program Files\Azure Data Studio\bin;C:\Program Files (x86)\Microsoft SQL Server\160\DTS\Binn\;C:\Program Files\Microsoft SQL Server\130\Tools\Binn\;C:\Program Files\Microsoft SQL Server\150\Tools\Binn\;C:\Program Files\Git\cmd;C:\Program Files\dotnet\;C:\Program Files\nodejs\;D:\download\apache-maven-3.9.6\bin;C:\Program Files\Java\jdk1.8.0_341\;C:\Users\Admin\AppData\Local\Microsoft\WindowsApps;C:\Program Files\Azure Data Studio\bin;C:\Users\Admin\.dotnet\tools;C:\Users\Admin\AppData\Local\gitkraken\bin;C:\Users\Admin\.dotnet\tools;C:\Users\Admin\AppData\Local\Programs\Microsoft VS Code\bin;C:\Users\Admin\AppData\Roaming\npm;C:\Program Files\Java\jdk-17\bin;C:\Users\Admin\Desktop\CNDLL\spark-3.5.0-bin-hadoop3\bin;C:\Users\Admin\Desktop\CNDLL\spark-3.5.0-bin-hadoop3\bin\bin;C:\Users\Admin\AppData\Local\GitHubDesktop\bin
USERNAME=Admin
OS=Windows_NT
PROCESSOR_IDENTIFIER=Intel64 Family 6 Model 140 Stepping 1, GenuineIntel
TMP=C:\Users\Admin\AppData\Local\Temp
TEMP=C:\Users\Admin\AppData\Local\Temp



Periodic native trim disabled


---------------  S Y S T E M  ---------------

OS:
 Windows 11 , 64 bit Build 22621 (10.0.22621.3374)
OS uptime: 0 days 1:10 hours

CPU: total 8 (initial active 8) (4 cores per cpu, 2 threads per core) family 6 model 140 stepping 1 microcode 0x8a, cx8, cmov, fxsr, ht, mmx, 3dnowpref, sse, sse2, sse3, ssse3, sse4.1, sse4.2, popcnt, lzcnt, tsc, tscinvbit, avx, avx2, aes, erms, clmul, bmi1, bmi2, adx, avx512f, avx512dq, avx512cd, avx512bw, avx512vl, sha, fma, vzeroupper, avx512_vpopcntdq, avx512_vpclmulqdq, avx512_vaes, avx512_vnni, clflush, clflushopt, clwb, avx512_vbmi2, avx512_vbmi
Processor Information for all 8 processors :
  Max Mhz: 2419, Current Mhz: 2419, Mhz Limit: 2419

Memory: 4k page, system-wide physical 7975M (191M free)
TotalPageFile size 11975M (AvailPageFile size 6M)
current process WorkingSet (physical memory assigned to process): 134M, peak: 254M
current process commit charge ("private bytes"): 290M, peak: 302M

vm_info: OpenJDK 64-Bit Server VM (17.0.10+7) for windows-amd64 JRE (17.0.10+7), built on Jan 16 2024 23:25:11 by "admin" with MS VC++ 16.10 / 16.11 (VS2019)

END.
