#
# There is insufficient memory for the Java Runtime Environment to continue.
# Native memory allocation (malloc) failed to allocate 1048576 bytes for AllocateHeap
# Possible reasons:
#   The system is out of physical RAM or swap space
#   The process is running with CompressedOops enabled, and the Java Heap may be blocking the growth of the native heap
# Possible solutions:
#   Reduce memory load on the system
#   Increase physical memory or swap space
#   Check if swap backing store is full
#   Decrease Java heap size (-Xmx/-Xms)
#   Decrease number of Java threads
#   Decrease Java thread stack sizes (-Xss)
#   Set larger code cache with -XX:ReservedCodeCacheSize=
#   JVM is running with Unscaled Compressed Oops mode in which the Java heap is
#     placed in the first 4GB address space. The Java Heap base address is the
#     maximum limit for the native heap growth. Please use -XX:HeapBaseMinAddress
#     to set the Java Heap base and to place the Java Heap above 4GB virtual address.
# This output file may be truncated or incomplete.
#
#  Out of Memory Error (allocation.cpp:44), pid=1928, tid=15448
#
# JRE version:  (17.0.10+11) (build )
# Java VM: Java HotSpot(TM) 64-Bit Server VM (17.0.10+11-LTS-240, mixed mode, emulated-client, sharing, tiered, compressed oops, compressed class ptrs, g1 gc, windows-amd64)
# No core dump will be written. Minidumps are not enabled by default on client versions of Windows
#

---------------  S U M M A R Y ------------

Command Line: -XX:TieredStopAtLevel=1 com.nhom16.vali.ValiApplication

Host: 11th Gen Intel(R) Core(TM) i5-1135G7 @ 2.40GHz, 8 cores, 7G,  Windows 11 , 64 bit Build 22621 (10.0.22621.3374)
Time: Mon May  6 15:20:05 2024 SE Asia Standard Time elapsed time: 0.014094 seconds (0d 0h 0m 0s)

---------------  T H R E A D  ---------------

Current thread (0x000001efcf58a730):  JavaThread "Unknown thread" [_thread_in_vm, id=15448, stack(0x0000001579200000,0x0000001579300000)]

Stack: [0x0000001579200000,0x0000001579300000]
Native frames: (J=compiled Java code, j=interpreted, Vv=VM code, C=native code)
V  [jvm.dll+0x677a5a]
V  [jvm.dll+0x7d8b2d]
V  [jvm.dll+0x7da48e]
V  [jvm.dll+0x7daaf3]
V  [jvm.dll+0x2455ff]
V  [jvm.dll+0xa5173]
V  [jvm.dll+0x2d5bd7]
V  [jvm.dll+0x7aa51c]
V  [jvm.dll+0x367911]
V  [jvm.dll+0x789639]
V  [jvm.dll+0x3eb30f]
V  [jvm.dll+0x3ecd91]
C  [jli.dll+0x5297]
C  [ucrtbase.dll+0x29333]
C  [KERNEL32.DLL+0x1257d]
C  [ntdll.dll+0x5aa48]


---------------  P R O C E S S  ---------------

Threads class SMR info:
_java_thread_list=0x00007ffea9736a18, length=0, elements={
}

Java Threads: ( => current thread )

Other Threads:

=>0x000001efcf58a730 (exited) JavaThread "Unknown thread" [_thread_in_vm, id=15448, stack(0x0000001579200000,0x0000001579300000)]

Threads with active compile tasks:

VM state: not at safepoint (not fully initialized)

VM Mutex/Monitor currently owned by a thread: None

Heap address: 0x0000000000000000, size: 0 MB, Compressed Oops mode: 32-bit

CDS archive(s) mapped at: [0x0000000000000000-0x0000000000000000-0x0000000000000000), size 0, SharedBaseAddress: 0x0000000800000000, ArchiveRelocationMode: 1.
Narrow klass base: 0x0000000000000000, Narrow klass shift: 0, Narrow klass range: 0x0

GC Precious Log:
<Empty>

GC Heap History (0 events):
No events

Deoptimization events (0 events):
No events

Classes unloaded (0 events):
No events

Classes redefined (0 events):
No events

Internal exceptions (0 events):
No events

VM Operations (0 events):
No events

Events (1 events):
Event: 0.007 Loaded shared library C:\Program Files\Java\jdk-17\bin\java.dll


Dynamic libraries:
0x00007ff6d8820000 - 0x00007ff6d8830000 	C:\Program Files\Java\jdk-17\bin\java.exe
0x00007fff18590000 - 0x00007fff187a6000 	C:\WINDOWS\SYSTEM32\ntdll.dll
0x00007fff16570000 - 0x00007fff16634000 	C:\WINDOWS\System32\KERNEL32.DLL
0x00007fff15b40000 - 0x00007fff15ee7000 	C:\WINDOWS\System32\KERNELBASE.dll
0x00007fff15f70000 - 0x00007fff16081000 	C:\WINDOWS\System32\ucrtbase.dll
0x00007ffef4450000 - 0x00007ffef4469000 	C:\Program Files\Java\jdk-17\bin\jli.dll
0x00007ffee7fa0000 - 0x00007ffee7fbb000 	C:\Program Files\Java\jdk-17\bin\VCRUNTIME140.dll
0x00007fff170f0000 - 0x00007fff171a2000 	C:\WINDOWS\System32\ADVAPI32.dll
0x00007fff184a0000 - 0x00007fff18547000 	C:\WINDOWS\System32\msvcrt.dll
0x00007fff178f0000 - 0x00007fff17998000 	C:\WINDOWS\System32\sechost.dll
0x00007fff15950000 - 0x00007fff15978000 	C:\WINDOWS\System32\bcrypt.dll
0x00007fff182b0000 - 0x00007fff183c5000 	C:\WINDOWS\System32\RPCRT4.dll
0x00007fff171c0000 - 0x00007fff1736e000 	C:\WINDOWS\System32\USER32.dll
0x00007fff158b0000 - 0x00007fff158d6000 	C:\WINDOWS\System32\win32u.dll
0x00007fff168b0000 - 0x00007fff168d9000 	C:\WINDOWS\System32\GDI32.dll
0x00007fff15980000 - 0x00007fff15a99000 	C:\WINDOWS\System32\gdi32full.dll
0x00007fff15aa0000 - 0x00007fff15b3a000 	C:\WINDOWS\System32\msvcp_win.dll
0x00007ffef95b0000 - 0x00007ffef9843000 	C:\WINDOWS\WinSxS\amd64_microsoft.windows.common-controls_6595b64144ccf1df_6.0.22621.3235_none_270f74e173860f98\COMCTL32.dll
0x00007fff0db30000 - 0x00007fff0db3a000 	C:\WINDOWS\SYSTEM32\VERSION.dll
0x00007fff18460000 - 0x00007fff18491000 	C:\WINDOWS\System32\IMM32.DLL
0x00007fff078e0000 - 0x00007fff078ec000 	C:\Program Files\Java\jdk-17\bin\vcruntime140_1.dll
0x00007ffeb3150000 - 0x00007ffeb31de000 	C:\Program Files\Java\jdk-17\bin\msvcp140.dll
0x00007ffea8c80000 - 0x00007ffea985f000 	C:\Program Files\Java\jdk-17\bin\server\jvm.dll
0x00007fff168a0000 - 0x00007fff168a8000 	C:\WINDOWS\System32\PSAPI.DLL
0x00007ffef5750000 - 0x00007ffef5759000 	C:\WINDOWS\SYSTEM32\WSOCK32.dll
0x00007fff0de30000 - 0x00007fff0de64000 	C:\WINDOWS\SYSTEM32\WINMM.dll
0x00007fff16640000 - 0x00007fff166b1000 	C:\WINDOWS\System32\WS2_32.dll
0x00007fff148f0000 - 0x00007fff14908000 	C:\WINDOWS\SYSTEM32\kernel.appcore.dll
0x00007fff066c0000 - 0x00007fff066ca000 	C:\Program Files\Java\jdk-17\bin\jimage.dll
0x00007fff13220000 - 0x00007fff13453000 	C:\WINDOWS\SYSTEM32\DBGHELP.DLL
0x00007fff16ab0000 - 0x00007fff16e38000 	C:\WINDOWS\System32\combase.dll
0x00007fff16eb0000 - 0x00007fff16f87000 	C:\WINDOWS\System32\OLEAUT32.dll
0x00007ffefc560000 - 0x00007ffefc592000 	C:\WINDOWS\SYSTEM32\dbgcore.DLL
0x00007fff15ef0000 - 0x00007fff15f69000 	C:\WINDOWS\System32\bcryptPrimitives.dll
0x00007ffee7800000 - 0x00007ffee7825000 	C:\Program Files\Java\jdk-17\bin\java.dll

dbghelp: loaded successfully - version: 4.0.5 - missing functions: none
symbol engine: initialized successfully - sym options: 0x614 - pdb path: .;C:\Program Files\Java\jdk-17\bin;C:\WINDOWS\SYSTEM32;C:\WINDOWS\WinSxS\amd64_microsoft.windows.common-controls_6595b64144ccf1df_6.0.22621.3235_none_270f74e173860f98;C:\Program Files\Java\jdk-17\bin\server

VM Arguments:
jvm_args: -XX:TieredStopAtLevel=1 
java_command: com.nhom16.vali.ValiApplication
java_class_path (initial): C:\Users\Admin\Desktop\CNJAVA\DA\vali\target\classes;C:\Users\Admin\.m2\repository\ch\qos\logback\logback-classic\1.4.14\logback-classic-1.4.14.jar;C:\Users\Admin\.m2\repository\ch\qos\logback\logback-core\1.4.14\logback-core-1.4.14.jar;C:\Users\Admin\.m2\repository\org\apache\logging\log4j\log4j-to-slf4j\2.21.1\log4j-to-slf4j-2.21.1.jar;C:\Users\Admin\.m2\repository\org\apache\logging\log4j\log4j-api\2.21.1\log4j-api-2.21.1.jar;C:\Users\Admin\.m2\repository\org\slf4j\jul-to-slf4j\2.0.13\jul-to-slf4j-2.0.13.jar;C:\Users\Admin\.m2\repository\jakarta\annotation\jakarta.annotation-api\2.1.1\jakarta.annotation-api-2.1.1.jar;C:\Users\Admin\.m2\repository\org\yaml\snakeyaml\2.2\snakeyaml-2.2.jar;C:\Users\Admin\.m2\repository\org\mongodb\mongodb-driver-sync\4.11.2\mongodb-driver-sync-4.11.2.jar;C:\Users\Admin\.m2\repository\org\mongodb\bson\4.11.2\bson-4.11.2.jar;C:\Users\Admin\.m2\repository\org\mongodb\mongodb-driver-core\4.11.2\mongodb-driver-core-4.11.2.jar;C:\Users\Admin\.m2\repository\org\mongodb\bson-record-codec\4.11.2\bson-record-codec-4.11.2.jar;C:\Users\Admin\.m2\repository\org\springframework\data\spring-data-mongodb\4.2.5\spring-data-mongodb-4.2.5.jar;C:\Users\Admin\.m2\repository\org\springframework\spring-tx\6.1.6\spring-tx-6.1.6.jar;C:\Users\Admin\.m2\repository\org\springframework\spring-context\6.1.6\spring-context-6.1.6.jar;C:\Users\Admin\.m2\repository\org\springframework\spring-beans\6.1.6\spring-beans-6.1.6.jar;C:\Users\Admin\.m2\repository\org\springframework\spring-expression\6.1.6\spring-expression-6.1.6.jar;C:\Users\Admin\.m2\repository\org\springframework\data\spring-data-commons\3.2.5\spring-data-commons-3.2.5.jar;C:\Users\Admin\.m2\repository\org\slf4j\slf4j-api\2.0.13\slf4j-api-2.0.13.jar;C:\Users\Admin\.m2\repository\com\fasterxml\jackson\core\jackson-databind\2.15.4\jackson-databind-2.15.4.jar;C:\Users\Admin\.m2\repository\com\fasterxml\jackson\core\jackson-annotations\2.15.4\jackson-annotations-2.15.4.jar;C:\Use
Launcher Type: SUN_STANDARD

[Global flags]
     intx CICompilerCount                          = 4                                         {product} {ergonomic}
     uint ConcGCThreads                            = 2                                         {product} {ergonomic}
     uint G1ConcRefinementThreads                  = 8                                         {product} {ergonomic}
   size_t G1HeapRegionSize                         = 1048576                                   {product} {ergonomic}
    uintx GCDrainStackTargetSize                   = 64                                        {product} {ergonomic}
   size_t InitialHeapSize                          = 132120576                                 {product} {ergonomic}
   size_t MarkStackSize                            = 4194304                                   {product} {ergonomic}
   size_t MaxHeapSize                              = 2090860544                                {product} {ergonomic}
   size_t MinHeapDeltaBytes                        = 1048576                                   {product} {ergonomic}
   size_t MinHeapSize                              = 8388608                                   {product} {ergonomic}
    uintx NonProfiledCodeHeapSize                  = 0                                      {pd product} {ergonomic}
     bool ProfileInterpreter                       = false                                  {pd product} {command line}
    uintx ProfiledCodeHeapSize                     = 0                                      {pd product} {ergonomic}
   size_t SoftMaxHeapSize                          = 2090860544                             {manageable} {ergonomic}
     intx TieredStopAtLevel                        = 1                                         {product} {command line}
     bool UseCompressedClassPointers               = true                           {product lp64_product} {ergonomic}
     bool UseCompressedOops                        = true                           {product lp64_product} {ergonomic}
     bool UseG1GC                                  = true                                      {product} {ergonomic}
     bool UseLargePagesIndividualAllocation        = false                                  {pd product} {ergonomic}

Logging:
Log output configuration:
 #0: stdout all=warning uptime,level,tags
 #1: stderr all=off uptime,level,tags

Environment Variables:
JAVA_HOME=C:\Program Files\Java\jdk-17
PATH=C:\Program Files\Common Files\Oracle\Java\javapath;C:\Program Files (x86)\Common Files\Oracle\Java\javapath;C:\Program Files (x86)\VMware\VMware Workstation\bin\;C:\WINDOWS\system32;C:\WINDOWS;C:\WINDOWS\System32\Wbem;C:\WINDOWS\System32\WindowsPowerShell\v1.0\;C:\WINDOWS\System32\OpenSSH\;C:\Program Files (x86)\Microsoft SQL Server\160\Tools\Binn\;C:\Program Files\Microsoft SQL Server\160\Tools\Binn\;C:\Program Files\Microsoft SQL Server\Client SDK\ODBC\170\Tools\Binn\;C:\Program Files\Microsoft SQL Server\160\DTS\Binn\;C:\Program Files\Azure Data Studio\bin;C:\Program Files (x86)\Microsoft SQL Server\160\DTS\Binn\;C:\Program Files\Microsoft SQL Server\130\Tools\Binn\;C:\Program Files\Microsoft SQL Server\150\Tools\Binn\;C:\Program Files\Git\cmd;C:\Program Files\dotnet\;C:\Program Files\nodejs\;D:\download\apache-maven-3.9.6\bin;C:\Program Files\Java\jdk1.8.0_341\;C:\Users\Admin\AppData\Local\Microsoft\WindowsApps;C:\Program Files\Azure Data Studio\bin;C:\Users\Admin\.dotnet\tools;C:\Users\Admin\AppData\Local\gitkraken\bin;C:\Users\Admin\.dotnet\tools;C:\Users\Admin\AppData\Local\Programs\Microsoft VS Code\bin;C:\Users\Admin\AppData\Roaming\npm;C:\Program Files\Java\jdk-17\bin;C:\Users\Admin\Desktop\CNDLL\spark-3.5.0-bin-hadoop3\bin;C:\Users\Admin\Desktop\CNDLL\spark-3.5.0-bin-hadoop3\bin\bin;C:\Users\Admin\AppData\Local\GitHubDesktop\bin
USERNAME=Admin
LANG=en_US.UTF-8
OS=Windows_NT
PROCESSOR_IDENTIFIER=Intel64 Family 6 Model 140 Stepping 1, GenuineIntel



---------------  S Y S T E M  ---------------

OS:
 Windows 11 , 64 bit Build 22621 (10.0.22621.3374)
OS uptime: 0 days 3:49 hours

CPU: total 8 (initial active 8) (4 cores per cpu, 2 threads per core) family 6 model 140 stepping 1 microcode 0x8a, cx8, cmov, fxsr, ht, mmx, 3dnowpref, sse, sse2, sse3, ssse3, sse4.1, sse4.2, popcnt, lzcnt, tsc, tscinvbit, avx, avx2, aes, erms, clmul, bmi1, bmi2, adx, avx512f, avx512dq, avx512cd, avx512bw, avx512vl, sha, fma, vzeroupper, avx512_vpopcntdq, avx512_vpclmulqdq, avx512_vaes, avx512_vnni, clflush, clflushopt, clwb, avx512_vbmi2, avx512_vbmi

Memory: 4k page, system-wide physical 7975M (697M free)
TotalPageFile size 11975M (AvailPageFile size 7M)
current process WorkingSet (physical memory assigned to process): 10M, peak: 10M
current process commit charge ("private bytes"): 7M, peak: 8M

vm_info: Java HotSpot(TM) 64-Bit Server VM (17.0.10+11-LTS-240) for windows-amd64 JRE (17.0.10+11-LTS-240), built on Dec 19 2023 21:47:25 by "mach5one" with MS VC++ 17.1 (VS2022)

END.
