#
# There is insufficient memory for the Java Runtime Environment to continue.
# Native memory allocation (mmap) failed to map 132120576 bytes for G1 virtual space
# Possible reasons:
#   The system is out of physical RAM or swap space
#   The process is running with CompressedOops enabled, and the Java Heap may be blocking the growth of the native heap
# Possible solutions:
#   Reduce memory load on the system
#   Increase physical memory or swap space
#   Check if swap backing store is full
#   Decrease Java heap size (-Xmx/-Xms)
#   Decrease number of Java threads
#   Decrease Java thread stack sizes (-Xss)
#   Set larger code cache with -XX:ReservedCodeCacheSize=
#   JVM is running with Unscaled Compressed Oops mode in which the Java heap is
#     placed in the first 4GB address space. The Java Heap base address is the
#     maximum limit for the native heap growth. Please use -XX:HeapBaseMinAddress
#     to set the Java Heap base and to place the Java Heap above 4GB virtual address.
# This output file may be truncated or incomplete.
#
#  Out of Memory Error (os_windows.cpp:3548), pid=13704, tid=16584
#
# JRE version:  (17.0.10+11) (build )
# Java VM: Java HotSpot(TM) 64-Bit Server VM (17.0.10+11-LTS-240, mixed mode, emulated-client, sharing, tiered, compressed oops, compressed class ptrs, g1 gc, windows-amd64)
# No core dump will be written. Minidumps are not enabled by default on client versions of Windows
#

---------------  S U M M A R Y ------------

Command Line: -XX:TieredStopAtLevel=1 com.nhom16.vali.ValiApplication

Host: 11th Gen Intel(R) Core(TM) i5-1135G7 @ 2.40GHz, 8 cores, 7G,  Windows 11 , 64 bit Build 22621 (10.0.22621.3374)
Time: Mon May  6 20:00:59 2024 SE Asia Standard Time elapsed time: 0.017677 seconds (0d 0h 0m 0s)

---------------  T H R E A D  ---------------

Current thread (0x000002aa2ceb93f0):  JavaThread "Unknown thread" [_thread_in_vm, id=16584, stack(0x000000e96bf00000,0x000000e96c000000)]

Stack: [0x000000e96bf00000,0x000000e96c000000]
Native frames: (J=compiled Java code, j=interpreted, Vv=VM code, C=native code)
V  [jvm.dll+0x677a5a]
V  [jvm.dll+0x7d8b2d]
V  [jvm.dll+0x7da48e]
V  [jvm.dll+0x7daaf3]
V  [jvm.dll+0x2455ff]
V  [jvm.dll+0x6749b9]
V  [jvm.dll+0x669382]
V  [jvm.dll+0x302e96]
V  [jvm.dll+0x30a416]
V  [jvm.dll+0x359cbe]
V  [jvm.dll+0x359eef]
V  [jvm.dll+0x2d9e88]
V  [jvm.dll+0x2dadf4]
V  [jvm.dll+0x7aa551]
V  [jvm.dll+0x367911]
V  [jvm.dll+0x789639]
V  [jvm.dll+0x3eb30f]
V  [jvm.dll+0x3ecd91]
C  [jli.dll+0x5297]
C  [ucrtbase.dll+0x29333]
C  [KERNEL32.DLL+0x1257d]
C  [ntdll.dll+0x5aa48]


---------------  P R O C E S S  ---------------

Threads class SMR info:
_java_thread_list=0x00007ffa10fe6a18, length=0, elements={
}

Java Threads: ( => current thread )

Other Threads:
  0x000002aa2cf14d10 GCTaskThread "GC Thread#0" [stack: 0x000000e96c000000,0x000000e96c100000] [id=3108]
  0x000002aa2cf254b0 ConcurrentGCThread "G1 Main Marker" [stack: 0x000000e96c100000,0x000000e96c200000] [id=3336]
  0x000002aa2cf25dd0 ConcurrentGCThread "G1 Conc#0" [stack: 0x000000e96c200000,0x000000e96c300000] [id=15480]

[error occurred during error reporting (printing all threads), id 0xc0000005, EXCEPTION_ACCESS_VIOLATION (0xc0000005) at pc=0x00007ffa1081aae7]

VM state: not at safepoint (not fully initialized)

VM Mutex/Monitor currently owned by a thread:  ([mutex/lock_event])
[0x000002aa2ceb5790] Heap_lock - owner thread: 0x000002aa2ceb93f0

Heap address: 0x0000000083600000, size: 1994 MB, Compressed Oops mode: 32-bit

CDS archive(s) mapped at: [0x0000000000000000-0x0000000000000000-0x0000000000000000), size 0, SharedBaseAddress: 0x0000000800000000, ArchiveRelocationMode: 1.
Narrow klass base: 0x0000000000000000, Narrow klass shift: 0, Narrow klass range: 0x0

GC Precious Log:
<Empty>

Heap:
 garbage-first heap   total 0K, used 0K [0x0000000083600000, 0x0000000100000000)
  region size 1024K, 0 young (0K), 0 survivors (0K)

[error occurred during error reporting (printing heap information), id 0xc0000005, EXCEPTION_ACCESS_VIOLATION (0xc0000005) at pc=0x00007ffa10c01249]

GC Heap History (0 events):
No events

Deoptimization events (0 events):
No events

Classes unloaded (0 events):
No events

Classes redefined (0 events):
No events

Internal exceptions (0 events):
No events

VM Operations (0 events):
No events

Events (1 events):
Event: 0.010 Loaded shared library C:\Program Files\Java\jdk-17\bin\java.dll


Dynamic libraries:
0x00007ff6ae3d0000 - 0x00007ff6ae3e0000 	C:\Program Files\Java\jdk-17\bin\java.exe
0x00007ffab2030000 - 0x00007ffab2246000 	C:\WINDOWS\SYSTEM32\ntdll.dll
0x00007ffab0d40000 - 0x00007ffab0e04000 	C:\WINDOWS\System32\KERNEL32.DLL
0x00007ffaaf5f0000 - 0x00007ffaaf997000 	C:\WINDOWS\System32\KERNELBASE.dll
0x00007ffaafaa0000 - 0x00007ffaafbb1000 	C:\WINDOWS\System32\ucrtbase.dll
0x00007ffa98d50000 - 0x00007ffa98d6b000 	C:\Program Files\Java\jdk-17\bin\VCRUNTIME140.dll
0x00007ffa98da0000 - 0x00007ffa98db9000 	C:\Program Files\Java\jdk-17\bin\jli.dll
0x00007ffab1da0000 - 0x00007ffab1e52000 	C:\WINDOWS\System32\ADVAPI32.dll
0x00007ffab0f40000 - 0x00007ffab0fe7000 	C:\WINDOWS\System32\msvcrt.dll
0x00007ffab0e90000 - 0x00007ffab0f38000 	C:\WINDOWS\System32\sechost.dll
0x00007ffaafa70000 - 0x00007ffaafa98000 	C:\WINDOWS\System32\bcrypt.dll
0x00007ffab0ff0000 - 0x00007ffab1105000 	C:\WINDOWS\System32\RPCRT4.dll
0x00007ffab1300000 - 0x00007ffab14ae000 	C:\WINDOWS\System32\USER32.dll
0x00007ffaafa40000 - 0x00007ffaafa66000 	C:\WINDOWS\System32\win32u.dll
0x00007ffa92d40000 - 0x00007ffa92fd3000 	C:\WINDOWS\WinSxS\amd64_microsoft.windows.common-controls_6595b64144ccf1df_6.0.22621.3235_none_270f74e173860f98\COMCTL32.dll
0x00007ffab1f60000 - 0x00007ffab1f89000 	C:\WINDOWS\System32\GDI32.dll
0x00007ffaafbc0000 - 0x00007ffaafcd9000 	C:\WINDOWS\System32\gdi32full.dll
0x00007ffaaf9a0000 - 0x00007ffaafa3a000 	C:\WINDOWS\System32\msvcp_win.dll
0x00007ffaa6080000 - 0x00007ffaa608a000 	C:\WINDOWS\SYSTEM32\VERSION.dll
0x00007ffab0ba0000 - 0x00007ffab0bd1000 	C:\WINDOWS\System32\IMM32.DLL
0x00007ffaaa8b0000 - 0x00007ffaaa8bc000 	C:\Program Files\Java\jdk-17\bin\vcruntime140_1.dll
0x00007ffa98370000 - 0x00007ffa983fe000 	C:\Program Files\Java\jdk-17\bin\msvcp140.dll
0x00007ffa10530000 - 0x00007ffa1110f000 	C:\Program Files\Java\jdk-17\bin\server\jvm.dll
0x00007ffab12d0000 - 0x00007ffab12d8000 	C:\WINDOWS\System32\PSAPI.DLL
0x00007ffaa7760000 - 0x00007ffaa7794000 	C:\WINDOWS\SYSTEM32\WINMM.dll
0x00007ffa904d0000 - 0x00007ffa904d9000 	C:\WINDOWS\SYSTEM32\WSOCK32.dll
0x00007ffab0460000 - 0x00007ffab04d1000 	C:\WINDOWS\System32\WS2_32.dll
0x00007ffaae390000 - 0x00007ffaae3a8000 	C:\WINDOWS\SYSTEM32\kernel.appcore.dll
0x00007ffaaa6e0000 - 0x00007ffaaa6ea000 	C:\Program Files\Java\jdk-17\bin\jimage.dll
0x00007ffaacc90000 - 0x00007ffaacec3000 	C:\WINDOWS\SYSTEM32\DBGHELP.DLL
0x00007ffab00d0000 - 0x00007ffab0458000 	C:\WINDOWS\System32\combase.dll
0x00007ffab11a0000 - 0x00007ffab1277000 	C:\WINDOWS\System32\OLEAUT32.dll
0x00007ffa96390000 - 0x00007ffa963c2000 	C:\WINDOWS\SYSTEM32\dbgcore.DLL
0x00007ffaafce0000 - 0x00007ffaafd59000 	C:\WINDOWS\System32\bcryptPrimitives.dll
0x00007ffa98340000 - 0x00007ffa98365000 	C:\Program Files\Java\jdk-17\bin\java.dll

dbghelp: loaded successfully - version: 4.0.5 - missing functions: none
symbol engine: initialized successfully - sym options: 0x614 - pdb path: .;C:\Program Files\Java\jdk-17\bin;C:\WINDOWS\SYSTEM32;C:\WINDOWS\WinSxS\amd64_microsoft.windows.common-controls_6595b64144ccf1df_6.0.22621.3235_none_270f74e173860f98;C:\Program Files\Java\jdk-17\bin\server

VM Arguments:
jvm_args: -XX:TieredStopAtLevel=1 
java_command: com.nhom16.vali.ValiApplication
java_class_path (initial): C:\Users\Admin\Desktop\CNJAVA\DA\vali\target\classes;C:\Users\Admin\.m2\repository\ch\qos\logback\logback-classic\1.4.14\logback-classic-1.4.14.jar;C:\Users\Admin\.m2\repository\ch\qos\logback\logback-core\1.4.14\logback-core-1.4.14.jar;C:\Users\Admin\.m2\repository\org\apache\logging\log4j\log4j-to-slf4j\2.21.1\log4j-to-slf4j-2.21.1.jar;C:\Users\Admin\.m2\repository\org\apache\logging\log4j\log4j-api\2.21.1\log4j-api-2.21.1.jar;C:\Users\Admin\.m2\repository\org\slf4j\jul-to-slf4j\2.0.13\jul-to-slf4j-2.0.13.jar;C:\Users\Admin\.m2\repository\jakarta\annotation\jakarta.annotation-api\2.1.1\jakarta.annotation-api-2.1.1.jar;C:\Users\Admin\.m2\repository\org\yaml\snakeyaml\2.2\snakeyaml-2.2.jar;C:\Users\Admin\.m2\repository\org\mongodb\mongodb-driver-sync\4.11.2\mongodb-driver-sync-4.11.2.jar;C:\Users\Admin\.m2\repository\org\mongodb\bson\4.11.2\bson-4.11.2.jar;C:\Users\Admin\.m2\repository\org\mongodb\mongodb-driver-core\4.11.2\mongodb-driver-core-4.11.2.jar;C:\Users\Admin\.m2\repository\org\mongodb\bson-record-codec\4.11.2\bson-record-codec-4.11.2.jar;C:\Users\Admin\.m2\repository\org\springframework\data\spring-data-mongodb\4.2.5\spring-data-mongodb-4.2.5.jar;C:\Users\Admin\.m2\repository\org\springframework\spring-tx\6.1.6\spring-tx-6.1.6.jar;C:\Users\Admin\.m2\repository\org\springframework\spring-context\6.1.6\spring-context-6.1.6.jar;C:\Users\Admin\.m2\repository\org\springframework\spring-beans\6.1.6\spring-beans-6.1.6.jar;C:\Users\Admin\.m2\repository\org\springframework\spring-expression\6.1.6\spring-expression-6.1.6.jar;C:\Users\Admin\.m2\repository\org\springframework\data\spring-data-commons\3.2.5\spring-data-commons-3.2.5.jar;C:\Users\Admin\.m2\repository\org\slf4j\slf4j-api\2.0.13\slf4j-api-2.0.13.jar;C:\Users\Admin\.m2\repository\com\fasterxml\jackson\core\jackson-databind\2.15.4\jackson-databind-2.15.4.jar;C:\Users\Admin\.m2\repository\com\fasterxml\jackson\core\jackson-annotations\2.15.4\jackson-annotations-2.15.4.jar;C:\Use
Launcher Type: SUN_STANDARD

[Global flags]
     intx CICompilerCount                          = 4                                         {product} {ergonomic}
     uint ConcGCThreads                            = 2                                         {product} {ergonomic}
     uint G1ConcRefinementThreads                  = 8                                         {product} {ergonomic}
   size_t G1HeapRegionSize                         = 1048576                                   {product} {ergonomic}
    uintx GCDrainStackTargetSize                   = 64                                        {product} {ergonomic}
   size_t InitialHeapSize                          = 132120576                                 {product} {ergonomic}
   size_t MarkStackSize                            = 4194304                                   {product} {ergonomic}
   size_t MaxHeapSize                              = 2090860544                                {product} {ergonomic}
   size_t MinHeapDeltaBytes                        = 1048576                                   {product} {ergonomic}
   size_t MinHeapSize                              = 8388608                                   {product} {ergonomic}
    uintx NonProfiledCodeHeapSize                  = 0                                      {pd product} {ergonomic}
     bool ProfileInterpreter                       = false                                  {pd product} {command line}
    uintx ProfiledCodeHeapSize                     = 0                                      {pd product} {ergonomic}
   size_t SoftMaxHeapSize                          = 2090860544                             {manageable} {ergonomic}
     intx TieredStopAtLevel                        = 1                                         {product} {command line}
     bool UseCompressedClassPointers               = true                           {product lp64_product} {ergonomic}
     bool UseCompressedOops                        = true                           {product lp64_product} {ergonomic}
     bool UseG1GC                                  = true                                      {product} {ergonomic}
     bool UseLargePagesIndividualAllocation        = false                                  {pd product} {ergonomic}

Logging:
Log output configuration:
 #0: stdout all=warning uptime,level,tags
 #1: stderr all=off uptime,level,tags

Environment Variables:
JAVA_HOME=C:\Program Files\Java\jdk-17
PATH=C:\Program Files\Common Files\Oracle\Java\javapath;C:\Program Files (x86)\Common Files\Oracle\Java\javapath;C:\Program Files (x86)\VMware\VMware Workstation\bin\;C:\WINDOWS\system32;C:\WINDOWS;C:\WINDOWS\System32\Wbem;C:\WINDOWS\System32\WindowsPowerShell\v1.0\;C:\WINDOWS\System32\OpenSSH\;C:\Program Files (x86)\Microsoft SQL Server\160\Tools\Binn\;C:\Program Files\Microsoft SQL Server\160\Tools\Binn\;C:\Program Files\Microsoft SQL Server\Client SDK\ODBC\170\Tools\Binn\;C:\Program Files\Microsoft SQL Server\160\DTS\Binn\;C:\Program Files\Azure Data Studio\bin;C:\Program Files (x86)\Microsoft SQL Server\160\DTS\Binn\;C:\Program Files\Microsoft SQL Server\130\Tools\Binn\;C:\Program Files\Microsoft SQL Server\150\Tools\Binn\;C:\Program Files\Git\cmd;C:\Program Files\dotnet\;C:\Program Files\nodejs\;D:\download\apache-maven-3.9.6\bin;C:\Program Files\Java\jdk1.8.0_341\;C:\Users\Admin\AppData\Local\Microsoft\WindowsApps;C:\Program Files\Azure Data Studio\bin;C:\Users\Admin\.dotnet\tools;C:\Users\Admin\AppData\Local\gitkraken\bin;C:\Users\Admin\.dotnet\tools;C:\Users\Admin\AppData\Local\Programs\Microsoft VS Code\bin;C:\Users\Admin\AppData\Roaming\npm;C:\Program Files\Java\jdk-17\bin;C:\Users\Admin\Desktop\CNDLL\spark-3.5.0-bin-hadoop3\bin;C:\Users\Admin\Desktop\CNDLL\spark-3.5.0-bin-hadoop3\bin\bin;C:\Users\Admin\AppData\Local\GitHubDesktop\bin
USERNAME=Admin
LANG=en_US.UTF-8
OS=Windows_NT
PROCESSOR_IDENTIFIER=Intel64 Family 6 Model 140 Stepping 1, GenuineIntel



---------------  S Y S T E M  ---------------

OS:
 Windows 11 , 64 bit Build 22621 (10.0.22621.3374)
OS uptime: 0 days 1:14 hours

CPU: total 8 (initial active 8) (4 cores per cpu, 2 threads per core) family 6 model 140 stepping 1 microcode 0x8a, cx8, cmov, fxsr, ht, mmx, 3dnowpref, sse, sse2, sse3, ssse3, sse4.1, sse4.2, popcnt, lzcnt, tsc, tscinvbit, avx, avx2, aes, erms, clmul, bmi1, bmi2, adx, avx512f, avx512dq, avx512cd, avx512bw, avx512vl, sha, fma, vzeroupper, avx512_vpopcntdq, avx512_vpclmulqdq, avx512_vaes, avx512_vnni, clflush, clflushopt, clwb, avx512_vbmi2, avx512_vbmi

Memory: 4k page, system-wide physical 7975M (860M free)
TotalPageFile size 11975M (AvailPageFile size 14M)
current process WorkingSet (physical memory assigned to process): 11M, peak: 11M
current process commit charge ("private bytes"): 55M, peak: 181M

vm_info: Java HotSpot(TM) 64-Bit Server VM (17.0.10+11-LTS-240) for windows-amd64 JRE (17.0.10+11-LTS-240), built on Dec 19 2023 21:47:25 by "mach5one" with MS VC++ 17.1 (VS2022)

END.
